#
# There is insufficient memory for the Java Runtime Environment to continue.
# Native memory allocation (malloc) failed to allocate 1695536 bytes. Error detail: Chunk::new
# Possible reasons:
#   The system is out of physical RAM or swap space
#   This process is running with CompressedOops enabled, and the Java Heap may be blocking the growth of the native heap
# Possible solutions:
#   Reduce memory load on the system
#   Increase physical memory or swap space
#   Check if swap backing store is full
#   Decrease Java heap size (-Xmx/-Xms)
#   Decrease number of Java threads
#   Decrease Java thread stack sizes (-Xss)
#   Set larger code cache with -XX:ReservedCodeCacheSize=
#   JVM is running with Unscaled Compressed Oops mode in which the Java heap is
#     placed in the first 4GB address space. The Java Heap base address is the
#     maximum limit for the native heap growth. Please use -XX:HeapBaseMinAddress
#     to set the Java Heap base and to place the Java Heap above 4GB virtual address.
# This output file may be truncated or incomplete.
#
#  Out of Memory Error (arena.cpp:168), pid=13624, tid=364
#
# JRE version: OpenJDK Runtime Environment Temurin-21.0.7+6 (21.0.7+6) (build 21.0.7+6-LTS)
# Java VM: OpenJDK 64-Bit Server VM Temurin-21.0.7+6 (21.0.7+6-LTS, mixed mode, sharing, tiered, compressed oops, compressed class ptrs, parallel gc, windows-amd64)
# No core dump will be written. Minidumps are not enabled by default on client versions of Windows
#

---------------  S U M M A R Y ------------

Command Line: --add-modules=ALL-SYSTEM --add-opens=java.base/java.util=ALL-UNNAMED --add-opens=java.base/java.lang=ALL-UNNAMED --add-opens=java.base/sun.nio.fs=ALL-UNNAMED -Declipse.application=org.eclipse.jdt.ls.core.id1 -Dosgi.bundles.defaultStartLevel=4 -Declipse.product=org.eclipse.jdt.ls.core.product -Djava.import.generatesMetadataFilesAtProjectRoot=false -DDetectVMInstallationsJob.disabled=true -Dfile.encoding=utf8 -XX:+UseParallelGC -XX:GCTimeRatio=4 -XX:AdaptiveSizePolicyWeight=90 -Dsun.zip.disableMemoryMapping=true -Xmx1G -Xms100m -Xlog:disable -javaagent:c:\Users\Admin\.windsurf\extensions\redhat.java-1.42.0-win32-x64\lombok\lombok-1.18.36.jar -XX:+HeapDumpOnOutOfMemoryError -XX:HeapDumpPath=c:\Users\Admin\AppData\Roaming\Windsurf\User\workspaceStorage\1060308cc4c818a36d141af165348916\redhat.java -Daether.dependencyCollector.impl=bf c:\Users\Admin\.windsurf\extensions\redhat.java-1.42.0-win32-x64\server\plugins\org.eclipse.equinox.launcher_1.7.0.v20250424-1814.jar -configuration c:\Users\Admin\AppData\Roaming\Windsurf\User\globalStorage\redhat.java\1.42.0\config_win -data c:\Users\Admin\AppData\Roaming\Windsurf\User\workspaceStorage\1060308cc4c818a36d141af165348916\redhat.java\jdt_ws --pipe=\\.\pipe\lsp-a36fd024f4e06db2ea0b4d3141d992d0-sock

Host: AMD Ryzen 5 3600 6-Core Processor              , 12 cores, 15G,  Windows 10 , 64 bit Build 19041 (10.0.19041.5915)
Time: Wed Jun 18 09:19:15 2025 China Standard Time elapsed time: 10.766944 seconds (0d 0h 0m 10s)

---------------  T H R E A D  ---------------

Current thread (0x0000020897991e10):  JavaThread "C2 CompilerThread0" daemon [_thread_in_native, id=364, stack(0x000000bbaae00000,0x000000bbaaf00000) (1024K)]


Current CompileTask:
C2:10767 5509   !   4       org.eclipse.osgi.internal.loader.classpath.ClasspathManager::defineClass (636 bytes)

Stack: [0x000000bbaae00000,0x000000bbaaf00000]
Native frames: (J=compiled Java code, j=interpreted, Vv=VM code, C=native code)
V  [jvm.dll+0x6ce119]
V  [jvm.dll+0x8a84a1]
V  [jvm.dll+0x8aa9ce]
V  [jvm.dll+0x8ab0b3]
V  [jvm.dll+0x27f8a6]
V  [jvm.dll+0xc507d]
V  [jvm.dll+0xc55b3]
V  [jvm.dll+0x3b68f2]
V  [jvm.dll+0x1dfe33]
V  [jvm.dll+0x247c42]
V  [jvm.dll+0x2470cf]
V  [jvm.dll+0x1c760e]
V  [jvm.dll+0x25695a]
V  [jvm.dll+0x254efa]
V  [jvm.dll+0x3f03f6]
V  [jvm.dll+0x851f6b]
V  [jvm.dll+0x6cc7dd]
C  [ucrtbase.dll+0x21bb2]
C  [KERNEL32.DLL+0x17374]
C  [ntdll.dll+0x4cc91]


---------------  P R O C E S S  ---------------

Threads class SMR info:
_java_thread_list=0x00000208a000be90, length=45, elements={
0x000002084057ccc0, 0x0000020854966880, 0x00000208549679e0, 0x0000020854969a80,
0x000002085496a990, 0x000002085496bb20, 0x0000020897991090, 0x0000020897991e10,
0x00000208979bbfe0, 0x00000208405e73e0, 0x0000020897cf0350, 0x000002089ccb4210,
0x0000020897d5c500, 0x000002089c8917b0, 0x000002089c891e10, 0x000002089c844ac0,
0x000002089c092840, 0x000002089c184980, 0x000002089cc5c7c0, 0x000002089c1856a0,
0x000002089c186a50, 0x000002089c1835d0, 0x000002089c1842f0, 0x000002089c185d30,
0x000002089c183c60, 0x000002089c185010, 0x000002089e38e7d0, 0x000002089c76bc00,
0x000002089c76d640, 0x000002089c76e9f0, 0x000002089c76f080, 0x000002089c76dcd0,
0x000002089c76c290, 0x000002089c76e360, 0x000002089c76c920, 0x000002089c76cfb0,
0x000002089f5feb60, 0x000002089f605460, 0x000002089f602670, 0x000002089f606180,
0x000002089f604dd0, 0x000002089f601fe0, 0x000002089f604740, 0x000002089f602d00,
0x000002089f6040b0
}

Java Threads: ( => current thread )
  0x000002084057ccc0 JavaThread "main"                              [_thread_blocked, id=19448, stack(0x000000bbaa400000,0x000000bbaa500000) (1024K)]
  0x0000020854966880 JavaThread "Reference Handler"          daemon [_thread_blocked, id=5668, stack(0x000000bbaa800000,0x000000bbaa900000) (1024K)]
  0x00000208549679e0 JavaThread "Finalizer"                  daemon [_thread_blocked, id=3608, stack(0x000000bbaa900000,0x000000bbaaa00000) (1024K)]
  0x0000020854969a80 JavaThread "Signal Dispatcher"          daemon [_thread_blocked, id=12468, stack(0x000000bbaaa00000,0x000000bbaab00000) (1024K)]
  0x000002085496a990 JavaThread "Attach Listener"            daemon [_thread_blocked, id=6020, stack(0x000000bbaab00000,0x000000bbaac00000) (1024K)]
  0x000002085496bb20 JavaThread "Service Thread"             daemon [_thread_blocked, id=10460, stack(0x000000bbaac00000,0x000000bbaad00000) (1024K)]
  0x0000020897991090 JavaThread "Monitor Deflation Thread"   daemon [_thread_blocked, id=20728, stack(0x000000bbaad00000,0x000000bbaae00000) (1024K)]
=>0x0000020897991e10 JavaThread "C2 CompilerThread0"         daemon [_thread_in_native, id=364, stack(0x000000bbaae00000,0x000000bbaaf00000) (1024K)]
  0x00000208979bbfe0 JavaThread "C1 CompilerThread0"         daemon [_thread_blocked, id=18772, stack(0x000000bbaaf00000,0x000000bbab000000) (1024K)]
  0x00000208405e73e0 JavaThread "Common-Cleaner"             daemon [_thread_blocked, id=7708, stack(0x000000bbab000000,0x000000bbab100000) (1024K)]
  0x0000020897cf0350 JavaThread "Notification Thread"        daemon [_thread_blocked, id=2056, stack(0x000000bbab200000,0x000000bbab300000) (1024K)]
  0x000002089ccb4210 JavaThread "Active Thread: Equinox Container: 8c7f63a7-7897-4cf9-83ce-50b2754fc716"        [_thread_blocked, id=3764, stack(0x000000bbaba00000,0x000000bbabb00000) (1024K)]
  0x0000020897d5c500 JavaThread "Refresh Thread: Equinox Container: 8c7f63a7-7897-4cf9-83ce-50b2754fc716" daemon [_thread_blocked, id=20288, stack(0x000000bbab100000,0x000000bbab200000) (1024K)]
  0x000002089c8917b0 JavaThread "Framework Event Dispatcher: Equinox Container: 8c7f63a7-7897-4cf9-83ce-50b2754fc716" daemon [_thread_blocked, id=21444, stack(0x000000bbabb00000,0x000000bbabc00000) (1024K)]
  0x000002089c891e10 JavaThread "Start Level: Equinox Container: 8c7f63a7-7897-4cf9-83ce-50b2754fc716" daemon [_thread_blocked, id=5684, stack(0x000000bbabc00000,0x000000bbabd00000) (1024K)]
  0x000002089c844ac0 JavaThread "Bundle File Closer"         daemon [_thread_blocked, id=5892, stack(0x000000bbac000000,0x000000bbac100000) (1024K)]
  0x000002089c092840 JavaThread "SCR Component Actor"        daemon [_thread_blocked, id=11712, stack(0x000000bbabd00000,0x000000bbabe00000) (1024K)]
  0x000002089c184980 JavaThread "SCR Component Registry"     daemon [_thread_blocked, id=18260, stack(0x000000bbac100000,0x000000bbac200000) (1024K)]
  0x000002089cc5c7c0 JavaThread "C2 CompilerThread1"         daemon [_thread_in_native, id=9348, stack(0x000000bbac200000,0x000000bbac300000) (1024K)]
  0x000002089c1856a0 JavaThread "Worker-JM"                         [_thread_blocked, id=18184, stack(0x000000bbac300000,0x000000bbac400000) (1024K)]
  0x000002089c186a50 JavaThread "JNA Cleaner"                daemon [_thread_blocked, id=3756, stack(0x000000bbac400000,0x000000bbac500000) (1024K)]
  0x000002089c1835d0 JavaThread "Worker-0"                          [_thread_blocked, id=19784, stack(0x000000bbac500000,0x000000bbac600000) (1024K)]
  0x000002089c1842f0 JavaThread "Worker-1: Initialize After Load"        [_thread_blocked, id=20360, stack(0x000000bbac600000,0x000000bbac700000) (1024K)]
  0x000002089c185d30 JavaThread "Java indexing"              daemon [_thread_blocked, id=21536, stack(0x000000bbac700000,0x000000bbac800000) (1024K)]
  0x000002089c183c60 JavaThread "Worker-2"                          [_thread_blocked, id=12200, stack(0x000000bbaca00000,0x000000bbacb00000) (1024K)]
  0x000002089c185010 JavaThread "Worker-3: Updating Maven Dependencies"        [_thread_in_vm, id=14288, stack(0x000000bbacb00000,0x000000bbacc00000) (1024K)]
  0x000002089e38e7d0 JavaThread "C2 CompilerThread2"         daemon [_thread_in_native, id=12800, stack(0x000000bbacc00000,0x000000bbacd00000) (1024K)]
  0x000002089c76bc00 JavaThread "Thread-2"                   daemon [_thread_in_native, id=17036, stack(0x000000bbacd00000,0x000000bbace00000) (1024K)]
  0x000002089c76d640 JavaThread "Thread-3"                   daemon [_thread_in_native, id=20640, stack(0x000000bbace00000,0x000000bbacf00000) (1024K)]
  0x000002089c76e9f0 JavaThread "Thread-4"                   daemon [_thread_in_native, id=9704, stack(0x000000bbacf00000,0x000000bbad000000) (1024K)]
  0x000002089c76f080 JavaThread "Thread-5"                   daemon [_thread_in_native, id=20376, stack(0x000000bbad000000,0x000000bbad100000) (1024K)]
  0x000002089c76dcd0 JavaThread "Thread-6"                   daemon [_thread_in_native, id=22288, stack(0x000000bbad100000,0x000000bbad200000) (1024K)]
  0x000002089c76c290 JavaThread "Thread-7"                   daemon [_thread_in_native, id=19988, stack(0x000000bbad200000,0x000000bbad300000) (1024K)]
  0x000002089c76e360 JavaThread "Thread-8"                   daemon [_thread_in_native, id=17400, stack(0x000000bbad300000,0x000000bbad400000) (1024K)]
  0x000002089c76c920 JavaThread "Thread-9"                   daemon [_thread_in_native, id=8692, stack(0x000000bbad400000,0x000000bbad500000) (1024K)]
  0x000002089c76cfb0 JavaThread "Thread-10"                  daemon [_thread_in_native, id=7700, stack(0x000000bbad500000,0x000000bbad600000) (1024K)]
  0x000002089f5feb60 JavaThread "Thread-11"                  daemon [_thread_in_native, id=21576, stack(0x000000bbad600000,0x000000bbad700000) (1024K)]
  0x000002089f605460 JavaThread "Thread-12"                  daemon [_thread_in_native, id=13420, stack(0x000000bbad700000,0x000000bbad800000) (1024K)]
  0x000002089f602670 JavaThread "Thread-13"                  daemon [_thread_in_native, id=10968, stack(0x000000bbad800000,0x000000bbad900000) (1024K)]
  0x000002089f606180 JavaThread "Thread-14"                  daemon [_thread_in_native, id=10756, stack(0x000000bbad900000,0x000000bbada00000) (1024K)]
  0x000002089f604dd0 JavaThread "Worker-4: Repository registry initialization"        [_thread_blocked, id=4064, stack(0x000000bbada00000,0x000000bbadb00000) (1024K)]
  0x000002089f601fe0 JavaThread "pool-2-thread-1"                   [_thread_blocked, id=22524, stack(0x000000bbadb00000,0x000000bbadc00000) (1024K)]
  0x000002089f604740 JavaThread "WorkspaceEventsHandler"            [_thread_blocked, id=15480, stack(0x000000bbadc00000,0x000000bbadd00000) (1024K)]
  0x000002089f602d00 JavaThread "pool-1-thread-1"                   [_thread_blocked, id=6056, stack(0x000000bbadd00000,0x000000bbade00000) (1024K)]
  0x000002089f6040b0 JavaThread "Worker-5"                          [_thread_blocked, id=19056, stack(0x000000bbade00000,0x000000bbadf00000) (1024K)]
Total: 45

Other Threads:
  0x0000020854951fd0 VMThread "VM Thread"                           [id=16420, stack(0x000000bbaa700000,0x000000bbaa800000) (1024K)]
  0x000002085484cb40 WatcherThread "VM Periodic Task Thread"        [id=13904, stack(0x000000bbaa600000,0x000000bbaa700000) (1024K)]
  0x000002084059a2c0 WorkerThread "GC Thread#0"                     [id=19304, stack(0x000000bbaa500000,0x000000bbaa600000) (1024K)]
  0x000002089c639970 WorkerThread "GC Thread#1"                     [id=20268, stack(0x000000bbab400000,0x000000bbab500000) (1024K)]
  0x000002089c8efa60 WorkerThread "GC Thread#2"                     [id=17920, stack(0x000000bbab500000,0x000000bbab600000) (1024K)]
  0x000002089c8efe00 WorkerThread "GC Thread#3"                     [id=13732, stack(0x000000bbab600000,0x000000bbab700000) (1024K)]
  0x000002089c65cbc0 WorkerThread "GC Thread#4"                     [id=18176, stack(0x000000bbab700000,0x000000bbab800000) (1024K)]
  0x000002089c65cf60 WorkerThread "GC Thread#5"                     [id=16264, stack(0x000000bbab800000,0x000000bbab900000) (1024K)]
  0x000002089c8e2f40 WorkerThread "GC Thread#6"                     [id=12116, stack(0x000000bbab900000,0x000000bbaba00000) (1024K)]
  0x000002089c717260 WorkerThread "GC Thread#7"                     [id=17232, stack(0x000000bbab300000,0x000000bbab400000) (1024K)]
  0x000002089c717600 WorkerThread "GC Thread#8"                     [id=16592, stack(0x000000bbabe00000,0x000000bbabf00000) (1024K)]
  0x000002089c716040 WorkerThread "GC Thread#9"                     [id=10468, stack(0x000000bbabf00000,0x000000bbac000000) (1024K)]
Total: 12

Threads with active compile tasks:
C2 CompilerThread0  10785 5509   !   4       org.eclipse.osgi.internal.loader.classpath.ClasspathManager::defineClass (636 bytes)
C2 CompilerThread1  10785 5581   !   4       org.eclipse.osgi.internal.loader.classpath.ClasspathManager::findLocalClass (210 bytes)
C2 CompilerThread2  10785 5767       4       java.lang.reflect.Executable::getAnnotation (23 bytes)
Total: 3

VM state: not at safepoint (normal execution)

VM Mutex/Monitor currently owned by a thread: None

Heap address: 0x00000000c0000000, size: 1024 MB, Compressed Oops mode: 32-bit

CDS archive(s) mapped at: [0x0000020855000000-0x0000020855ba0000-0x0000020855ba0000), size 12189696, SharedBaseAddress: 0x0000020855000000, ArchiveRelocationMode: 1.
Compressed class space mapped at: 0x0000020856000000-0x0000020896000000, reserved size: 1073741824
Narrow klass base: 0x0000020855000000, Narrow klass shift: 0, Narrow klass range: 0x100000000

GC Precious Log:
 CardTable entry size: 512
 CPUs: 12 total, 12 available
 Memory: 16310M
 Large Page Support: Disabled
 NUMA Support: Disabled
 Compressed Oops: Enabled (32-bit)
 Alignments: Space 512K, Generation 512K, Heap 2M
 Heap Min Capacity: 100M
 Heap Initial Capacity: 100M
 Heap Max Capacity: 1G
 Pre-touch: Disabled
 Parallel Workers: 10

Heap:
 PSYoungGen      total 23040K, used 8572K [0x00000000eab00000, 0x00000000ec380000, 0x0000000100000000)
  eden space 22016K, 34% used [0x00000000eab00000,0x00000000eb27f300,0x00000000ec080000)
  from space 1024K, 87% used [0x00000000ec280000,0x00000000ec360000,0x00000000ec380000)
  to   space 1024K, 0% used [0x00000000ec180000,0x00000000ec180000,0x00000000ec280000)
 ParOldGen       total 68608K, used 23583K [0x00000000c0000000, 0x00000000c4300000, 0x00000000eab00000)
  object space 68608K, 34% used [0x00000000c0000000,0x00000000c1707cb0,0x00000000c4300000)
 Metaspace       used 41374K, committed 42368K, reserved 1114112K
  class space    used 4309K, committed 4736K, reserved 1048576K

Card table byte_map: [0x000002083ff50000,0x0000020840160000] _byte_map_base: 0x000002083f950000

Marking Bits: (ParMarkBitMap*) 0x00007fff4e9d31f0
 Begin Bits: [0x0000020852770000, 0x0000020853770000)
 End Bits:   [0x0000020853770000, 0x0000020854770000)

Polling page: 0x000002083fd40000

Metaspace:

Usage:
  Non-class:     36.20 MB used.
      Class:      4.21 MB used.
       Both:     40.41 MB used.

Virtual space:
  Non-class space:       64.00 MB reserved,      36.75 MB ( 57%) committed,  1 nodes.
      Class space:        1.00 GB reserved,       4.62 MB ( <1%) committed,  1 nodes.
             Both:        1.06 GB reserved,      41.38 MB (  4%) committed. 

Chunk freelists:
   Non-Class:  10.91 MB
       Class:  11.19 MB
        Both:  22.09 MB

MaxMetaspaceSize: unlimited
CompressedClassSpaceSize: 1.00 GB
Initial GC threshold: 21.00 MB
Current GC threshold: 58.38 MB
CDS: on
 - commit_granule_bytes: 65536.
 - commit_granule_words: 8192.
 - virtual_space_node_default_size: 8388608.
 - enlarge_chunks_in_place: 1.
 - use_allocation_guard: 0.


Internal statistics:

num_allocs_failed_limit: 6.
num_arena_births: 752.
num_arena_deaths: 14.
num_vsnodes_births: 2.
num_vsnodes_deaths: 0.
num_space_committed: 662.
num_space_uncommitted: 0.
num_chunks_returned_to_freelist: 20.
num_chunks_taken_from_freelist: 2468.
num_chunk_merges: 12.
num_chunk_splits: 1585.
num_chunks_enlarged: 977.
num_inconsistent_stats: 0.

CodeHeap 'non-profiled nmethods': size=120000Kb used=2535Kb max_used=2535Kb free=117464Kb
 bounds [0x000002084b240000, 0x000002084b4c0000, 0x0000020852770000]
CodeHeap 'profiled nmethods': size=120000Kb used=10606Kb max_used=10606Kb free=109394Kb
 bounds [0x0000020843770000, 0x00000208441d0000, 0x000002084aca0000]
CodeHeap 'non-nmethods': size=5760Kb used=1361Kb max_used=1417Kb free=4398Kb
 bounds [0x000002084aca0000, 0x000002084af10000, 0x000002084b240000]
 total_blobs=5831 nmethods=5174 adapters=563
 compilation: enabled
              stopped_count=0, restarted_count=0
 full_count=0

Compilation events (20 events):
Event: 10.745 Thread 0x00000208979bbfe0 nmethod 5727 0x00000208441aea90 code [0x00000208441aec40, 0x00000208441aede0]
Event: 10.745 Thread 0x00000208979bbfe0 5726       3       java.util.stream.Collectors$CollectorImpl::<init> (32 bytes)
Event: 10.745 Thread 0x00000208979bbfe0 nmethod 5726 0x00000208441aee90 code [0x00000208441af040, 0x00000208441af268]
Event: 10.745 Thread 0x00000208979bbfe0 5728       3       java.util.stream.ReferencePipeline::collect (124 bytes)
Event: 10.745 Thread 0x00000208979bbfe0 nmethod 5728 0x00000208441af390 code [0x00000208441af640, 0x00000208441b02d8]
Event: 10.745 Thread 0x00000208979bbfe0 5729       3       java.util.stream.ReduceOps::makeRef (42 bytes)
Event: 10.746 Thread 0x00000208979bbfe0 nmethod 5729 0x00000208441b0710 code [0x00000208441b0920, 0x00000208441b0f98]
Event: 10.746 Thread 0x00000208979bbfe0 5730       3       com.google.common.collect.Lists::newArrayList (8 bytes)
Event: 10.746 Thread 0x00000208979bbfe0 nmethod 5730 0x00000208441b1290 code [0x00000208441b1440, 0x00000208441b1720]
Event: 10.746 Thread 0x00000208979bbfe0 5731       3       com.google.inject.spi.Elements::withTrustedSource (29 bytes)
Event: 10.746 Thread 0x00000208979bbfe0 nmethod 5731 0x00000208441b1890 code [0x00000208441b1aa0, 0x00000208441b2068]
Event: 10.746 Thread 0x00000208979bbfe0 5732       3       com.google.inject.spi.Elements$RecordingBinder::withTrustedSource (24 bytes)
Event: 10.746 Thread 0x00000208979bbfe0 nmethod 5732 0x00000208441b2290 code [0x00000208441b2440, 0x00000208441b2658]
Event: 10.748 Thread 0x00000208979bbfe0 5733   !   3       org.eclipse.sisu.wire.DependencyAnalyzer::analyzeImplementation (131 bytes)
Event: 10.749 Thread 0x00000208979bbfe0 nmethod 5733 0x00000208441b2710 code [0x00000208441b2a20, 0x00000208441b3a08]
Event: 10.749 Thread 0x00000208979bbfe0 5734       3       java.lang.reflect.Executable::synthesizeAllParams (57 bytes)
Event: 10.749 Thread 0x00000208979bbfe0 nmethod 5734 0x00000208441b4010 code [0x00000208441b4260, 0x00000208441b4c68]
Event: 10.749 Thread 0x00000208979bbfe0 5735       3       java.lang.reflect.Executable$ParameterData::<init> (15 bytes)
Event: 10.750 Thread 0x00000208979bbfe0 nmethod 5735 0x00000208441b5010 code [0x00000208441b51c0, 0x00000208441b53b0]
Event: 10.751 Thread 0x00000208979bbfe0 5736       3       com.google.inject.internal.MoreTypes::getRawType (141 bytes)

GC Heap History (20 events):
Event: 9.458 GC heap before
{Heap before GC invocations=11 (full 1):
 PSYoungGen      total 23040K, used 22316K [0x00000000eab00000, 0x00000000ec780000, 0x0000000100000000)
  eden space 22016K, 98% used [0x00000000eab00000,0x00000000ec03b110,0x00000000ec080000)
  from space 1024K, 56% used [0x00000000ec180000,0x00000000ec210228,0x00000000ec280000)
  to   space 2560K, 0% used [0x00000000ec500000,0x00000000ec500000,0x00000000ec780000)
 ParOldGen       total 68608K, used 15378K [0x00000000c0000000, 0x00000000c4300000, 0x00000000eab00000)
  object space 68608K, 22% used [0x00000000c0000000,0x00000000c0f048c0,0x00000000c4300000)
 Metaspace       used 26089K, committed 26944K, reserved 1114112K
  class space    used 2505K, committed 2880K, reserved 1048576K
}
Event: 9.458 GC heap after
{Heap after GC invocations=11 (full 1):
 PSYoungGen      total 23040K, used 878K [0x00000000eab00000, 0x00000000ec600000, 0x0000000100000000)
  eden space 22016K, 0% used [0x00000000eab00000,0x00000000eab00000,0x00000000ec080000)
  from space 1024K, 85% used [0x00000000ec500000,0x00000000ec5dbab8,0x00000000ec600000)
  to   space 1536K, 0% used [0x00000000ec300000,0x00000000ec300000,0x00000000ec480000)
 ParOldGen       total 68608K, used 15378K [0x00000000c0000000, 0x00000000c4300000, 0x00000000eab00000)
  object space 68608K, 22% used [0x00000000c0000000,0x00000000c0f048c0,0x00000000c4300000)
 Metaspace       used 26089K, committed 26944K, reserved 1114112K
  class space    used 2505K, committed 2880K, reserved 1048576K
}
Event: 9.667 GC heap before
{Heap before GC invocations=12 (full 1):
 PSYoungGen      total 23040K, used 22894K [0x00000000eab00000, 0x00000000ec600000, 0x0000000100000000)
  eden space 22016K, 100% used [0x00000000eab00000,0x00000000ec080000,0x00000000ec080000)
  from space 1024K, 85% used [0x00000000ec500000,0x00000000ec5dbab8,0x00000000ec600000)
  to   space 1536K, 0% used [0x00000000ec300000,0x00000000ec300000,0x00000000ec480000)
 ParOldGen       total 68608K, used 15378K [0x00000000c0000000, 0x00000000c4300000, 0x00000000eab00000)
  object space 68608K, 22% used [0x00000000c0000000,0x00000000c0f048c0,0x00000000c4300000)
 Metaspace       used 27469K, committed 28352K, reserved 1114112K
  class space    used 2600K, committed 2944K, reserved 1048576K
}
Event: 9.669 GC heap after
{Heap after GC invocations=12 (full 1):
 PSYoungGen      total 23552K, used 1528K [0x00000000eab00000, 0x00000000ec780000, 0x0000000100000000)
  eden space 22016K, 0% used [0x00000000eab00000,0x00000000eab00000,0x00000000ec080000)
  from space 1536K, 99% used [0x00000000ec300000,0x00000000ec47e290,0x00000000ec480000)
  to   space 3072K, 0% used [0x00000000ec480000,0x00000000ec480000,0x00000000ec780000)
 ParOldGen       total 68608K, used 16837K [0x00000000c0000000, 0x00000000c4300000, 0x00000000eab00000)
  object space 68608K, 24% used [0x00000000c0000000,0x00000000c1071448,0x00000000c4300000)
 Metaspace       used 27469K, committed 28352K, reserved 1114112K
  class space    used 2600K, committed 2944K, reserved 1048576K
}
Event: 9.893 GC heap before
{Heap before GC invocations=13 (full 1):
 PSYoungGen      total 23552K, used 23544K [0x00000000eab00000, 0x00000000ec780000, 0x0000000100000000)
  eden space 22016K, 100% used [0x00000000eab00000,0x00000000ec080000,0x00000000ec080000)
  from space 1536K, 99% used [0x00000000ec300000,0x00000000ec47e290,0x00000000ec480000)
  to   space 3072K, 0% used [0x00000000ec480000,0x00000000ec480000,0x00000000ec780000)
 ParOldGen       total 68608K, used 16837K [0x00000000c0000000, 0x00000000c4300000, 0x00000000eab00000)
  object space 68608K, 24% used [0x00000000c0000000,0x00000000c1071448,0x00000000c4300000)
 Metaspace       used 30593K, committed 31552K, reserved 1114112K
  class space    used 2939K, committed 3392K, reserved 1048576K
}
Event: 9.895 GC heap after
{Heap after GC invocations=13 (full 1):
 PSYoungGen      total 24064K, used 1880K [0x00000000eab00000, 0x00000000ec680000, 0x0000000100000000)
  eden space 22016K, 0% used [0x00000000eab00000,0x00000000eab00000,0x00000000ec080000)
  from space 2048K, 91% used [0x00000000ec480000,0x00000000ec656088,0x00000000ec680000)
  to   space 2560K, 0% used [0x00000000ec180000,0x00000000ec180000,0x00000000ec400000)
 ParOldGen       total 68608K, used 18176K [0x00000000c0000000, 0x00000000c4300000, 0x00000000eab00000)
  object space 68608K, 26% used [0x00000000c0000000,0x00000000c11c03e8,0x00000000c4300000)
 Metaspace       used 30593K, committed 31552K, reserved 1114112K
  class space    used 2939K, committed 3392K, reserved 1048576K
}
Event: 10.016 GC heap before
{Heap before GC invocations=14 (full 1):
 PSYoungGen      total 24064K, used 23896K [0x00000000eab00000, 0x00000000ec680000, 0x0000000100000000)
  eden space 22016K, 99% used [0x00000000eab00000,0x00000000ec07fff8,0x00000000ec080000)
  from space 2048K, 91% used [0x00000000ec480000,0x00000000ec656088,0x00000000ec680000)
  to   space 2560K, 0% used [0x00000000ec180000,0x00000000ec180000,0x00000000ec400000)
 ParOldGen       total 68608K, used 18176K [0x00000000c0000000, 0x00000000c4300000, 0x00000000eab00000)
  object space 68608K, 26% used [0x00000000c0000000,0x00000000c11c03e8,0x00000000c4300000)
 Metaspace       used 33188K, committed 34240K, reserved 1114112K
  class space    used 3254K, committed 3776K, reserved 1048576K
}
Event: 10.018 GC heap after
{Heap after GC invocations=14 (full 1):
 PSYoungGen      total 24064K, used 1964K [0x00000000eab00000, 0x00000000ec500000, 0x0000000100000000)
  eden space 22016K, 0% used [0x00000000eab00000,0x00000000eab00000,0x00000000ec080000)
  from space 2048K, 95% used [0x00000000ec180000,0x00000000ec36b110,0x00000000ec380000)
  to   space 1536K, 0% used [0x00000000ec380000,0x00000000ec380000,0x00000000ec500000)
 ParOldGen       total 68608K, used 19833K [0x00000000c0000000, 0x00000000c4300000, 0x00000000eab00000)
  object space 68608K, 28% used [0x00000000c0000000,0x00000000c135e460,0x00000000c4300000)
 Metaspace       used 33188K, committed 34240K, reserved 1114112K
  class space    used 3254K, committed 3776K, reserved 1048576K
}
Event: 10.109 GC heap before
{Heap before GC invocations=15 (full 1):
 PSYoungGen      total 24064K, used 20113K [0x00000000eab00000, 0x00000000ec500000, 0x0000000100000000)
  eden space 22016K, 82% used [0x00000000eab00000,0x00000000ebcb94d0,0x00000000ec080000)
  from space 2048K, 95% used [0x00000000ec180000,0x00000000ec36b110,0x00000000ec380000)
  to   space 1536K, 0% used [0x00000000ec380000,0x00000000ec380000,0x00000000ec500000)
 ParOldGen       total 68608K, used 19833K [0x00000000c0000000, 0x00000000c4300000, 0x00000000eab00000)
  object space 68608K, 28% used [0x00000000c0000000,0x00000000c135e460,0x00000000c4300000)
 Metaspace       used 34809K, committed 35840K, reserved 1114112K
  class space    used 3468K, committed 3968K, reserved 1048576K
}
Event: 10.111 GC heap after
{Heap after GC invocations=15 (full 1):
 PSYoungGen      total 23040K, used 891K [0x00000000eab00000, 0x00000000ec480000, 0x0000000100000000)
  eden space 22016K, 0% used [0x00000000eab00000,0x00000000eab00000,0x00000000ec080000)
  from space 1024K, 87% used [0x00000000ec380000,0x00000000ec45ed18,0x00000000ec480000)
  to   space 1536K, 0% used [0x00000000ec180000,0x00000000ec180000,0x00000000ec300000)
 ParOldGen       total 68608K, used 21479K [0x00000000c0000000, 0x00000000c4300000, 0x00000000eab00000)
  object space 68608K, 31% used [0x00000000c0000000,0x00000000c14f9d38,0x00000000c4300000)
 Metaspace       used 34809K, committed 35840K, reserved 1114112K
  class space    used 3468K, committed 3968K, reserved 1048576K
}
Event: 10.111 GC heap before
{Heap before GC invocations=16 (full 2):
 PSYoungGen      total 23040K, used 891K [0x00000000eab00000, 0x00000000ec480000, 0x0000000100000000)
  eden space 22016K, 0% used [0x00000000eab00000,0x00000000eab00000,0x00000000ec080000)
  from space 1024K, 87% used [0x00000000ec380000,0x00000000ec45ed18,0x00000000ec480000)
  to   space 1536K, 0% used [0x00000000ec180000,0x00000000ec180000,0x00000000ec300000)
 ParOldGen       total 68608K, used 21479K [0x00000000c0000000, 0x00000000c4300000, 0x00000000eab00000)
  object space 68608K, 31% used [0x00000000c0000000,0x00000000c14f9d38,0x00000000c4300000)
 Metaspace       used 34809K, committed 35840K, reserved 1114112K
  class space    used 3468K, committed 3968K, reserved 1048576K
}
Event: 10.141 GC heap after
{Heap after GC invocations=16 (full 2):
 PSYoungGen      total 23040K, used 0K [0x00000000eab00000, 0x00000000ec480000, 0x0000000100000000)
  eden space 22016K, 0% used [0x00000000eab00000,0x00000000eab00000,0x00000000ec080000)
  from space 1024K, 0% used [0x00000000ec380000,0x00000000ec380000,0x00000000ec480000)
  to   space 1536K, 0% used [0x00000000ec180000,0x00000000ec180000,0x00000000ec300000)
 ParOldGen       total 68608K, used 21639K [0x00000000c0000000, 0x00000000c4300000, 0x00000000eab00000)
  object space 68608K, 31% used [0x00000000c0000000,0x00000000c1521ca0,0x00000000c4300000)
 Metaspace       used 34809K, committed 35840K, reserved 1114112K
  class space    used 3468K, committed 3968K, reserved 1048576K
}
Event: 10.233 GC heap before
{Heap before GC invocations=17 (full 2):
 PSYoungGen      total 23040K, used 21819K [0x00000000eab00000, 0x00000000ec480000, 0x0000000100000000)
  eden space 22016K, 99% used [0x00000000eab00000,0x00000000ec04ecd0,0x00000000ec080000)
  from space 1024K, 0% used [0x00000000ec380000,0x00000000ec380000,0x00000000ec480000)
  to   space 1536K, 0% used [0x00000000ec180000,0x00000000ec180000,0x00000000ec300000)
 ParOldGen       total 68608K, used 21639K [0x00000000c0000000, 0x00000000c4300000, 0x00000000eab00000)
  object space 68608K, 31% used [0x00000000c0000000,0x00000000c1521ca0,0x00000000c4300000)
 Metaspace       used 36357K, committed 37440K, reserved 1114112K
  class space    used 3688K, committed 4160K, reserved 1048576K
}
Event: 10.234 GC heap after
{Heap after GC invocations=17 (full 2):
 PSYoungGen      total 23552K, used 1504K [0x00000000eab00000, 0x00000000ec480000, 0x0000000100000000)
  eden space 22016K, 0% used [0x00000000eab00000,0x00000000eab00000,0x00000000ec080000)
  from space 1536K, 97% used [0x00000000ec180000,0x00000000ec2f8010,0x00000000ec300000)
  to   space 1536K, 0% used [0x00000000ec300000,0x00000000ec300000,0x00000000ec480000)
 ParOldGen       total 68608K, used 21647K [0x00000000c0000000, 0x00000000c4300000, 0x00000000eab00000)
  object space 68608K, 31% used [0x00000000c0000000,0x00000000c1523ca0,0x00000000c4300000)
 Metaspace       used 36357K, committed 37440K, reserved 1114112K
  class space    used 3688K, committed 4160K, reserved 1048576K
}
Event: 10.309 GC heap before
{Heap before GC invocations=18 (full 2):
 PSYoungGen      total 23552K, used 23520K [0x00000000eab00000, 0x00000000ec480000, 0x0000000100000000)
  eden space 22016K, 100% used [0x00000000eab00000,0x00000000ec080000,0x00000000ec080000)
  from space 1536K, 97% used [0x00000000ec180000,0x00000000ec2f8010,0x00000000ec300000)
  to   space 1536K, 0% used [0x00000000ec300000,0x00000000ec300000,0x00000000ec480000)
 ParOldGen       total 68608K, used 21647K [0x00000000c0000000, 0x00000000c4300000, 0x00000000eab00000)
  object space 68608K, 31% used [0x00000000c0000000,0x00000000c1523ca0,0x00000000c4300000)
 Metaspace       used 36955K, committed 38016K, reserved 1114112K
  class space    used 3758K, committed 4224K, reserved 1048576K
}
Event: 10.311 GC heap after
{Heap after GC invocations=18 (full 2):
 PSYoungGen      total 23040K, used 1021K [0x00000000eab00000, 0x00000000ec400000, 0x0000000100000000)
  eden space 22016K, 0% used [0x00000000eab00000,0x00000000eab00000,0x00000000ec080000)
  from space 1024K, 99% used [0x00000000ec300000,0x00000000ec3ff660,0x00000000ec400000)
  to   space 1536K, 0% used [0x00000000ec100000,0x00000000ec100000,0x00000000ec280000)
 ParOldGen       total 68608K, used 22375K [0x00000000c0000000, 0x00000000c4300000, 0x00000000eab00000)
  object space 68608K, 32% used [0x00000000c0000000,0x00000000c15d9cb0,0x00000000c4300000)
 Metaspace       used 36955K, committed 38016K, reserved 1114112K
  class space    used 3758K, committed 4224K, reserved 1048576K
}
Event: 10.500 GC heap before
{Heap before GC invocations=19 (full 2):
 PSYoungGen      total 23040K, used 23037K [0x00000000eab00000, 0x00000000ec400000, 0x0000000100000000)
  eden space 22016K, 100% used [0x00000000eab00000,0x00000000ec080000,0x00000000ec080000)
  from space 1024K, 99% used [0x00000000ec300000,0x00000000ec3ff660,0x00000000ec400000)
  to   space 1536K, 0% used [0x00000000ec100000,0x00000000ec100000,0x00000000ec280000)
 ParOldGen       total 68608K, used 22375K [0x00000000c0000000, 0x00000000c4300000, 0x00000000eab00000)
  object space 68608K, 32% used [0x00000000c0000000,0x00000000c15d9cb0,0x00000000c4300000)
 Metaspace       used 38166K, committed 39168K, reserved 1114112K
  class space    used 3899K, committed 4352K, reserved 1048576K
}
Event: 10.501 GC heap after
{Heap after GC invocations=19 (full 2):
 PSYoungGen      total 23552K, used 704K [0x00000000eab00000, 0x00000000ec380000, 0x0000000100000000)
  eden space 22016K, 0% used [0x00000000eab00000,0x00000000eab00000,0x00000000ec080000)
  from space 1536K, 45% used [0x00000000ec100000,0x00000000ec1b0000,0x00000000ec280000)
  to   space 1024K, 0% used [0x00000000ec280000,0x00000000ec280000,0x00000000ec380000)
 ParOldGen       total 68608K, used 23127K [0x00000000c0000000, 0x00000000c4300000, 0x00000000eab00000)
  object space 68608K, 33% used [0x00000000c0000000,0x00000000c1695cb0,0x00000000c4300000)
 Metaspace       used 38166K, committed 39168K, reserved 1114112K
  class space    used 3899K, committed 4352K, reserved 1048576K
}
Event: 10.710 GC heap before
{Heap before GC invocations=20 (full 2):
 PSYoungGen      total 23552K, used 22720K [0x00000000eab00000, 0x00000000ec380000, 0x0000000100000000)
  eden space 22016K, 100% used [0x00000000eab00000,0x00000000ec080000,0x00000000ec080000)
  from space 1536K, 45% used [0x00000000ec100000,0x00000000ec1b0000,0x00000000ec280000)
  to   space 1024K, 0% used [0x00000000ec280000,0x00000000ec280000,0x00000000ec380000)
 ParOldGen       total 68608K, used 23127K [0x00000000c0000000, 0x00000000c4300000, 0x00000000eab00000)
  object space 68608K, 33% used [0x00000000c0000000,0x00000000c1695cb0,0x00000000c4300000)
 Metaspace       used 40519K, committed 41536K, reserved 1114112K
  class space    used 4198K, committed 4672K, reserved 1048576K
}
Event: 10.711 GC heap after
{Heap after GC invocations=20 (full 2):
 PSYoungGen      total 23040K, used 896K [0x00000000eab00000, 0x00000000ec380000, 0x0000000100000000)
  eden space 22016K, 0% used [0x00000000eab00000,0x00000000eab00000,0x00000000ec080000)
  from space 1024K, 87% used [0x00000000ec280000,0x00000000ec360000,0x00000000ec380000)
  to   space 1024K, 0% used [0x00000000ec180000,0x00000000ec180000,0x00000000ec280000)
 ParOldGen       total 68608K, used 23583K [0x00000000c0000000, 0x00000000c4300000, 0x00000000eab00000)
  object space 68608K, 34% used [0x00000000c0000000,0x00000000c1707cb0,0x00000000c4300000)
 Metaspace       used 40519K, committed 41536K, reserved 1114112K
  class space    used 4198K, committed 4672K, reserved 1048576K
}

Dll operation events (10 events):
Event: 0.007 Loaded shared library c:\Users\Admin\.windsurf\extensions\redhat.java-1.42.0-win32-x64\jre\21.0.7-win32-x86_64\bin\java.dll
Event: 0.065 Loaded shared library c:\Users\Admin\.windsurf\extensions\redhat.java-1.42.0-win32-x64\jre\21.0.7-win32-x86_64\bin\zip.dll
Event: 0.082 Loaded shared library C:\Users\Admin\.windsurf\extensions\redhat.java-1.42.0-win32-x64\jre\21.0.7-win32-x86_64\bin\instrument.dll
Event: 0.085 Loaded shared library C:\Users\Admin\.windsurf\extensions\redhat.java-1.42.0-win32-x64\jre\21.0.7-win32-x86_64\bin\net.dll
Event: 0.087 Loaded shared library C:\Users\Admin\.windsurf\extensions\redhat.java-1.42.0-win32-x64\jre\21.0.7-win32-x86_64\bin\nio.dll
Event: 0.089 Loaded shared library C:\Users\Admin\.windsurf\extensions\redhat.java-1.42.0-win32-x64\jre\21.0.7-win32-x86_64\bin\zip.dll
Event: 0.103 Loaded shared library C:\Users\Admin\.windsurf\extensions\redhat.java-1.42.0-win32-x64\jre\21.0.7-win32-x86_64\bin\jimage.dll
Event: 0.154 Loaded shared library c:\Users\Admin\.windsurf\extensions\redhat.java-1.42.0-win32-x64\jre\21.0.7-win32-x86_64\bin\verify.dll
Event: 4.049 Loaded shared library C:\Users\Admin\AppData\Roaming\Windsurf\User\globalStorage\redhat.java\1.42.0\config_win\org.eclipse.equinox.launcher\org.eclipse.equinox.launcher.win32.win32.x86_64_1.2.1300.v20250331-1702\eclipse_11911.dll
Event: 8.269 Loaded shared library C:\Users\Admin\AppData\Local\Temp\jna-63116079\jna18325891303892612239.dll

Deoptimization events (20 events):
Event: 10.280 Thread 0x000002089f602d00 Uncommon trap: trap_request=0xffffff45 fr.pc=0x000002084b459fa4 relative=0x00000000000001e4
Event: 10.280 Thread 0x000002089f602d00 Uncommon trap: reason=unstable_if action=reinterpret pc=0x000002084b459fa4 method=com.google.gson.stream.JsonReader.nextNonWhitespace(Z)I @ 32 c2
Event: 10.280 Thread 0x000002089f602d00 DEOPT PACKING pc=0x000002084b459fa4 sp=0x000000bbaddfeef0
Event: 10.280 Thread 0x000002089f602d00 DEOPT UNPACKING pc=0x000002084acf3aa2 sp=0x000000bbaddfee68 mode 2
Event: 10.291 Thread 0x000002089c185010 Uncommon trap: trap_request=0xffffff45 fr.pc=0x000002084b359e30 relative=0x0000000000000110
Event: 10.291 Thread 0x000002089c185010 Uncommon trap: reason=unstable_if action=reinterpret pc=0x000002084b359e30 method=java.util.ArrayList.indexOfRange(Ljava/lang/Object;II)I @ 7 c2
Event: 10.291 Thread 0x000002089c185010 DEOPT PACKING pc=0x000002084b359e30 sp=0x000000bbacbfe2e0
Event: 10.291 Thread 0x000002089c185010 DEOPT UNPACKING pc=0x000002084acf3aa2 sp=0x000000bbacbfe260 mode 2
Event: 10.365 Thread 0x000002089c183c60 DEOPT PACKING pc=0x0000020844097726 sp=0x000000bbacafedc0
Event: 10.365 Thread 0x000002089c183c60 DEOPT UNPACKING pc=0x000002084acf4242 sp=0x000000bbacafe2b0 mode 0
Event: 10.365 Thread 0x000002089c183c60 DEOPT PACKING pc=0x000002084408bfe8 sp=0x000000bbacafedd0
Event: 10.365 Thread 0x000002089c183c60 DEOPT UNPACKING pc=0x000002084acf4242 sp=0x000000bbacafe2c8 mode 0
Event: 10.375 Thread 0x000002089c185010 DEOPT PACKING pc=0x0000020843984e9b sp=0x000000bbacbfe230
Event: 10.375 Thread 0x000002089c185010 DEOPT UNPACKING pc=0x000002084acf4242 sp=0x000000bbacbfd738 mode 0
Event: 10.394 Thread 0x000002089c183c60 DEOPT PACKING pc=0x0000020844097726 sp=0x000000bbacafedc0
Event: 10.394 Thread 0x000002089c183c60 DEOPT UNPACKING pc=0x000002084acf4242 sp=0x000000bbacafe2b0 mode 0
Event: 10.430 Thread 0x000002089c185010 DEOPT PACKING pc=0x0000020843841cd3 sp=0x000000bbacbfe0c0
Event: 10.430 Thread 0x000002089c185010 DEOPT UNPACKING pc=0x000002084acf4242 sp=0x000000bbacbfd530 mode 0
Event: 10.512 Thread 0x000002089c185010 DEOPT PACKING pc=0x00000208440f30b5 sp=0x000000bbacbfdc40
Event: 10.512 Thread 0x000002089c185010 DEOPT UNPACKING pc=0x000002084acf4242 sp=0x000000bbacbfd150 mode 0

Classes loaded (20 events):
Event: 10.213 Loading class java/time/format/Parsed
Event: 10.213 Loading class sun/reflect/generics/repository/FieldRepository
Event: 10.214 Loading class sun/reflect/generics/repository/FieldRepository done
Event: 10.214 Loading class java/time/format/Parsed done
Event: 10.255 Loading class java/lang/annotation/IncompleteAnnotationException
Event: 10.255 Loading class java/lang/annotation/IncompleteAnnotationException done
Event: 10.284 Loading class java/lang/foreign/MemorySegment
Event: 10.284 Loading class java/lang/foreign/MemorySegment done
Event: 10.533 Loading class sun/reflect/annotation/AnnotatedTypeFactory$AnnotatedParameterizedTypeImpl
Event: 10.533 Loading class java/lang/reflect/AnnotatedParameterizedType
Event: 10.533 Loading class java/lang/reflect/AnnotatedParameterizedType done
Event: 10.533 Loading class sun/reflect/annotation/AnnotatedTypeFactory$AnnotatedParameterizedTypeImpl done
Event: 10.647 Loading class java/util/concurrent/CompletionService
Event: 10.647 Loading class java/util/concurrent/CompletionService done
Event: 10.692 Loading class sun/reflect/generics/scope/ConstructorScope
Event: 10.692 Loading class sun/reflect/generics/scope/ConstructorScope done
Event: 10.692 Loading class sun/reflect/generics/tree/VoidDescriptor
Event: 10.692 Loading class sun/reflect/generics/tree/VoidDescriptor done
Event: 10.712 Loading class java/nio/channels/ServerSocketChannel
Event: 10.712 Loading class java/nio/channels/ServerSocketChannel done

Classes unloaded (7 events):
Event: 9.183 Thread 0x0000020854951fd0 Unloading class 0x00000208561a4c00 'java/lang/invoke/LambdaForm$MH+0x00000208561a4c00'
Event: 9.183 Thread 0x0000020854951fd0 Unloading class 0x00000208561a4800 'java/lang/invoke/LambdaForm$MH+0x00000208561a4800'
Event: 9.183 Thread 0x0000020854951fd0 Unloading class 0x00000208561a4400 'java/lang/invoke/LambdaForm$MH+0x00000208561a4400'
Event: 9.183 Thread 0x0000020854951fd0 Unloading class 0x00000208561a4000 'java/lang/invoke/LambdaForm$MH+0x00000208561a4000'
Event: 9.183 Thread 0x0000020854951fd0 Unloading class 0x00000208561a3c00 'java/lang/invoke/LambdaForm$BMH+0x00000208561a3c00'
Event: 9.183 Thread 0x0000020854951fd0 Unloading class 0x00000208561a3800 'java/lang/invoke/LambdaForm$DMH+0x00000208561a3800'
Event: 9.183 Thread 0x0000020854951fd0 Unloading class 0x00000208561a2400 'java/lang/invoke/LambdaForm$DMH+0x00000208561a2400'

Classes redefined (0 events):
No events

Internal exceptions (20 events):
Event: 9.916 Thread 0x000002084057ccc0 Exception <a 'java/lang/NoSuchMethodError'{0x00000000eb0c16c0}: 'java.lang.Object java.lang.invoke.DirectMethodHandle$Holder.newInvokeSpecial(java.lang.Object, long)'> (0x00000000eb0c16c0) 
thrown [s\src\hotspot\share\interpreter\linkResolver.cpp, line 773]
Event: 9.918 Thread 0x000002089c1842f0 Exception <a 'java/io/FileNotFoundException'{0x00000000eb14d130}> (0x00000000eb14d130) 
thrown [s\src\hotspot\share\prims\jni.cpp, line 520]
Event: 9.963 Thread 0x000002089c185010 Exception <a 'java/lang/NoSuchMethodError'{0x00000000eb997ea0}: 'java.lang.Object java.lang.invoke.DirectMethodHandle$Holder.invokeStaticInit(java.lang.Object, java.lang.Object, java.lang.Object, java.lang.Object, java.lang.Object, java.lang.Object, java.lang.Object)'> (0x00000000eb997ea0) 
thrown [s\src\hotspot\share\interpreter\linkResolver.cpp, line 773]
Event: 9.964 Thread 0x000002089c185010 Exception <a 'java/lang/NoSuchMethodError'{0x00000000eb99c678}: 'java.lang.Object java.lang.invoke.Invokers$Holder.invoke_MT(java.lang.Object, java.lang.Object, java.lang.Object, java.lang.Object, java.lang.Object, java.lang.Object, java.lang.Object, java.lang.Object, java.lang.Object)'> (0x00000000eb99c678) 
thrown [s\src\hotspot\share\interpreter\linkResolver.cpp, line 773]
Event: 9.967 Thread 0x000002089c185010 Exception <a 'java/lang/NoSuchMethodError'{0x00000000eba068f8}: 'int java.lang.invoke.DirectMethodHandle$Holder.invokeVirtual(java.lang.Object, java.lang.Object, java.lang.Object)'> (0x00000000eba068f8) 
thrown [s\src\hotspot\share\interpreter\linkResolver.cpp, line 773]
Event: 9.967 Thread 0x000002089c185010 Exception <a 'java/lang/NoSuchMethodError'{0x00000000eba124c8}: 'int java.lang.invoke.DirectMethodHandle$Holder.invokeStaticInit(java.lang.Object, int, int)'> (0x00000000eba124c8) 
thrown [s\src\hotspot\share\interpreter\linkResolver.cpp, line 773]
Event: 9.968 Thread 0x000002089c185010 Exception <a 'java/lang/NoSuchMethodError'{0x00000000eba19a70}: 'int java.lang.invoke.DirectMethodHandle$Holder.invokeStaticInit(java.lang.Object, long, long)'> (0x00000000eba19a70) 
thrown [s\src\hotspot\share\interpreter\linkResolver.cpp, line 773]
Event: 9.968 Thread 0x000002089c185010 Exception <a 'java/lang/NoSuchMethodError'{0x00000000eba28170}: 'int java.lang.invoke.DirectMethodHandle$Holder.invokeStaticInit(java.lang.Object, float, float)'> (0x00000000eba28170) 
thrown [s\src\hotspot\share\interpreter\linkResolver.cpp, line 773]
Event: 9.970 Thread 0x000002089c185010 Exception <a 'java/lang/NoSuchMethodError'{0x00000000eba2ed58}: 'int java.lang.invoke.DirectMethodHandle$Holder.invokeStaticInit(java.lang.Object, double, double)'> (0x00000000eba2ed58) 
thrown [s\src\hotspot\share\interpreter\linkResolver.cpp, line 773]
Event: 9.970 Thread 0x000002089c185010 Exception <a 'java/lang/NoSuchMethodError'{0x00000000eba333d0}: 'int java.lang.invoke.DirectMethodHandle$Holder.invokeStatic(java.lang.Object, long)'> (0x00000000eba333d0) 
thrown [s\src\hotspot\share\interpreter\linkResolver.cpp, line 773]
Event: 9.972 Thread 0x000002089c185010 Exception <a 'java/lang/NoSuchMethodError'{0x00000000eba51ae8}: 'int java.lang.invoke.Invokers$Holder.linkToTargetMethod(java.lang.Object, java.lang.Object)'> (0x00000000eba51ae8) 
thrown [s\src\hotspot\share\interpreter\linkResolver.cpp, line 773]
Event: 10.006 Thread 0x000002089c185010 Exception <a 'java/lang/NoSuchMethodError'{0x00000000ebeb7730}: 'java.lang.Object java.lang.invoke.DirectMethodHandle$Holder.invokeSpecialIFC(java.lang.Object, java.lang.Object, java.lang.Object, java.lang.Object)'> (0x00000000ebeb7730) 
thrown [s\src\hotspot\share\interpreter\linkResolver.cpp, line 773]
Event: 10.163 Thread 0x000002084057ccc0 Exception <a 'java/lang/NoSuchMethodError'{0x00000000eb0f1f98}: 'void java.lang.invoke.DirectMethodHandle$Holder.invokeSpecial(java.lang.Object, java.lang.Object, java.lang.Object, java.lang.Object, java.lang.Object, java.lang.Object)'> (0x00000000eb0f1f98) 
thrown [s\src\hotspot\share\interpreter\linkResolver.cpp, line 773]
Event: 10.164 Thread 0x000002084057ccc0 Exception <a 'java/lang/IncompatibleClassChangeError'{0x00000000eb151600}: Found class java.lang.Object, but interface was expected> (0x00000000eb151600) 
thrown [s\src\hotspot\share\interpreter\linkResolver.cpp, line 840]
Event: 10.165 Thread 0x000002084057ccc0 Exception <a 'java/lang/IncompatibleClassChangeError'{0x00000000eb153388}: Found class java.lang.Object, but interface was expected> (0x00000000eb153388) 
thrown [s\src\hotspot\share\interpreter\linkResolver.cpp, line 840]
Event: 10.176 Thread 0x000002089f604dd0 Exception <a 'java/lang/NoSuchMethodError'{0x00000000eb5d9200}: 'int java.lang.invoke.DirectMethodHandle$Holder.invokeSpecial(java.lang.Object, java.lang.Object, java.lang.Object, java.lang.Object)'> (0x00000000eb5d9200) 
thrown [s\src\hotspot\share\interpreter\linkResolver.cpp, line 773]
Event: 10.177 Thread 0x000002089f604dd0 Exception <a 'java/lang/NoSuchMethodError'{0x00000000eb5fcec8}: 'java.lang.Object java.lang.invoke.DirectMethodHandle$Holder.invokeStatic(java.lang.Object, int, java.lang.Object, java.lang.Object)'> (0x00000000eb5fcec8) 
thrown [s\src\hotspot\share\interpreter\linkResolver.cpp, line 773]
Event: 10.177 Thread 0x000002089f604dd0 Exception <a 'java/lang/NoSuchMethodError'{0x00000000eb6006a8}: 'java.lang.Object java.lang.invoke.DelegatingMethodHandle$Holder.delegate(java.lang.Object, int, java.lang.Object, java.lang.Object)'> (0x00000000eb6006a8) 
thrown [s\src\hotspot\share\interpreter\linkResolver.cpp, line 773]
Event: 10.179 Thread 0x000002089f604dd0 Exception <a 'java/lang/NoSuchMethodError'{0x00000000eb67d8a0}: 'int java.lang.invoke.Invokers$Holder.linkToTargetMethod(java.lang.Object, java.lang.Object, java.lang.Object)'> (0x00000000eb67d8a0) 
thrown [s\src\hotspot\share\interpreter\linkResolver.cpp, line 773]
Event: 10.255 Thread 0x000002089c185010 Exception <a 'java/lang/NoClassDefFoundError'{0x00000000eb2bdf20}: javax/enterprise/inject/Typed> (0x00000000eb2bdf20) 
thrown [s\src\hotspot\share\classfile\systemDictionary.cpp, line 301]

ZGC Phase Switch (0 events):
No events

VM Operations (20 events):
Event: 9.977 Executing VM operation: HandshakeAllThreads (Deoptimize)
Event: 9.977 Executing VM operation: HandshakeAllThreads (Deoptimize) done
Event: 10.016 Executing VM operation: ParallelGCFailedAllocation (Allocation Failure)
Event: 10.018 Executing VM operation: ParallelGCFailedAllocation (Allocation Failure) done
Event: 10.109 Executing VM operation: CollectForMetadataAllocation (Metadata GC Threshold)
Event: 10.142 Executing VM operation: CollectForMetadataAllocation (Metadata GC Threshold) done
Event: 10.233 Executing VM operation: ParallelGCFailedAllocation (Allocation Failure)
Event: 10.234 Executing VM operation: ParallelGCFailedAllocation (Allocation Failure) done
Event: 10.247 Executing VM operation: HandshakeAllThreads (Deoptimize)
Event: 10.247 Executing VM operation: HandshakeAllThreads (Deoptimize) done
Event: 10.309 Executing VM operation: ParallelGCFailedAllocation (Allocation Failure)
Event: 10.311 Executing VM operation: ParallelGCFailedAllocation (Allocation Failure) done
Event: 10.500 Executing VM operation: ParallelGCFailedAllocation (Allocation Failure)
Event: 10.501 Executing VM operation: ParallelGCFailedAllocation (Allocation Failure) done
Event: 10.563 Executing VM operation: HandshakeAllThreads (Deoptimize)
Event: 10.563 Executing VM operation: HandshakeAllThreads (Deoptimize) done
Event: 10.573 Executing VM operation: HandshakeAllThreads (Deoptimize)
Event: 10.573 Executing VM operation: HandshakeAllThreads (Deoptimize) done
Event: 10.710 Executing VM operation: ParallelGCFailedAllocation (Allocation Failure)
Event: 10.711 Executing VM operation: ParallelGCFailedAllocation (Allocation Failure) done

Memory protections (0 events):
No events

Nmethod flushes (20 events):
Event: 10.125 Thread 0x0000020854951fd0 flushing  nmethod 0x0000020843e24890
Event: 10.125 Thread 0x0000020854951fd0 flushing  nmethod 0x0000020843e25190
Event: 10.125 Thread 0x0000020854951fd0 flushing  nmethod 0x0000020843e26390
Event: 10.125 Thread 0x0000020854951fd0 flushing  nmethod 0x0000020843e26b90
Event: 10.125 Thread 0x0000020854951fd0 flushing  nmethod 0x0000020843e27310
Event: 10.125 Thread 0x0000020854951fd0 flushing  nmethod 0x0000020843e28890
Event: 10.125 Thread 0x0000020854951fd0 flushing  nmethod 0x0000020843e29190
Event: 10.125 Thread 0x0000020854951fd0 flushing  nmethod 0x0000020843e2a690
Event: 10.125 Thread 0x0000020854951fd0 flushing  nmethod 0x0000020843e2aa90
Event: 10.125 Thread 0x0000020854951fd0 flushing  nmethod 0x0000020843e2af10
Event: 10.125 Thread 0x0000020854951fd0 flushing  nmethod 0x0000020843e2ba90
Event: 10.125 Thread 0x0000020854951fd0 flushing  nmethod 0x0000020843e2d390
Event: 10.125 Thread 0x0000020854951fd0 flushing  nmethod 0x0000020843e2d690
Event: 10.125 Thread 0x0000020854951fd0 flushing  nmethod 0x0000020843e36690
Event: 10.125 Thread 0x0000020854951fd0 flushing  nmethod 0x0000020843e48e10
Event: 10.125 Thread 0x0000020854951fd0 flushing  nmethod 0x0000020843e5eb10
Event: 10.125 Thread 0x0000020854951fd0 flushing  nmethod 0x0000020843e5f210
Event: 10.125 Thread 0x0000020854951fd0 flushing  nmethod 0x0000020843e71b10
Event: 10.125 Thread 0x0000020854951fd0 flushing  nmethod 0x0000020843f04610
Event: 10.125 Thread 0x0000020854951fd0 flushing  nmethod 0x0000020843f24610

Events (20 events):
Event: 9.887 Thread 0x000002089c183c60 Thread added: 0x000002089c185010
Event: 9.922 Thread 0x00000208979bbfe0 Thread added: 0x000002089e38e7d0
Event: 9.923 Thread 0x000002084057ccc0 Thread added: 0x000002089c76bc00
Event: 9.923 Thread 0x000002084057ccc0 Thread added: 0x000002089c76d640
Event: 9.923 Thread 0x000002084057ccc0 Thread added: 0x000002089c76e9f0
Event: 9.923 Thread 0x000002084057ccc0 Thread added: 0x000002089c76f080
Event: 9.923 Thread 0x000002084057ccc0 Thread added: 0x000002089c76dcd0
Event: 9.923 Thread 0x000002084057ccc0 Thread added: 0x000002089c76c290
Event: 9.923 Thread 0x000002084057ccc0 Thread added: 0x000002089c76e360
Event: 9.923 Thread 0x000002084057ccc0 Thread added: 0x000002089c76c920
Event: 9.924 Thread 0x000002084057ccc0 Thread added: 0x000002089c76cfb0
Event: 9.924 Thread 0x000002084057ccc0 Thread added: 0x000002089f5feb60
Event: 9.924 Thread 0x000002084057ccc0 Thread added: 0x000002089f605460
Event: 9.924 Thread 0x000002084057ccc0 Thread added: 0x000002089f602670
Event: 9.924 Thread 0x000002084057ccc0 Thread added: 0x000002089f606180
Event: 9.947 Thread 0x000002089c185010 Thread added: 0x000002089f604dd0
Event: 9.978 Thread 0x000002084057ccc0 Thread added: 0x000002089f601fe0
Event: 10.183 Thread 0x000002084057ccc0 Thread added: 0x000002089f604740
Event: 10.183 Thread 0x000002084057ccc0 Thread added: 0x000002089f602d00
Event: 10.364 Thread 0x000002089c1835d0 Thread added: 0x000002089f6040b0


Dynamic libraries:
0x00007ff7bc5d0000 - 0x00007ff7bc5de000 	c:\Users\Admin\.windsurf\extensions\redhat.java-1.42.0-win32-x64\jre\21.0.7-win32-x86_64\bin\java.exe
0x00007fff9cb30000 - 0x00007fff9cd28000 	C:\Windows\SYSTEM32\ntdll.dll
0x00007fff9c840000 - 0x00007fff9c902000 	C:\Windows\System32\KERNEL32.DLL
0x00007fff9a7c0000 - 0x00007fff9aab6000 	C:\Windows\System32\KERNELBASE.dll
0x00007fff9a690000 - 0x00007fff9a790000 	C:\Windows\System32\ucrtbase.dll
0x00007fff96910000 - 0x00007fff9692e000 	c:\Users\Admin\.windsurf\extensions\redhat.java-1.42.0-win32-x64\jre\21.0.7-win32-x86_64\bin\VCRUNTIME140.dll
0x00007fff95d50000 - 0x00007fff95d68000 	c:\Users\Admin\.windsurf\extensions\redhat.java-1.42.0-win32-x64\jre\21.0.7-win32-x86_64\bin\jli.dll
0x00007fff85d50000 - 0x00007fff85fea000 	C:\Windows\WinSxS\amd64_microsoft.windows.common-controls_6595b64144ccf1df_6.0.19041.5915_none_60b4b9d171f9c7c7\COMCTL32.dll
0x00007fff9ad40000 - 0x00007fff9aedd000 	C:\Windows\System32\USER32.dll
0x00007fff9ca30000 - 0x00007fff9cace000 	C:\Windows\System32\msvcrt.dll
0x00007fff9a1c0000 - 0x00007fff9a1e2000 	C:\Windows\System32\win32u.dll
0x00007fff9c290000 - 0x00007fff9c2bb000 	C:\Windows\System32\GDI32.dll
0x00007fff9a4c0000 - 0x00007fff9a5d9000 	C:\Windows\System32\gdi32full.dll
0x00007fff9a3a0000 - 0x00007fff9a43d000 	C:\Windows\System32\msvcp_win.dll
0x00007fff9c2c0000 - 0x00007fff9c2ef000 	C:\Windows\System32\IMM32.DLL
0x00007fff953b0000 - 0x00007fff953bc000 	c:\Users\Admin\.windsurf\extensions\redhat.java-1.42.0-win32-x64\jre\21.0.7-win32-x86_64\bin\vcruntime140_1.dll
0x00007fff8ea40000 - 0x00007fff8eacd000 	c:\Users\Admin\.windsurf\extensions\redhat.java-1.42.0-win32-x64\jre\21.0.7-win32-x86_64\bin\msvcp140.dll
0x00007fff4dd20000 - 0x00007fff4eab0000 	c:\Users\Admin\.windsurf\extensions\redhat.java-1.42.0-win32-x64\jre\21.0.7-win32-x86_64\bin\server\jvm.dll
0x00007fff9bac0000 - 0x00007fff9bb71000 	C:\Windows\System32\ADVAPI32.dll
0x00007fff9c0e0000 - 0x00007fff9c17f000 	C:\Windows\System32\sechost.dll
0x00007fff9b160000 - 0x00007fff9b283000 	C:\Windows\System32\RPCRT4.dll
0x00007fff9a790000 - 0x00007fff9a7b7000 	C:\Windows\System32\bcrypt.dll
0x00007fff9c190000 - 0x00007fff9c1fb000 	C:\Windows\System32\WS2_32.dll
0x00007fff99750000 - 0x00007fff9979b000 	C:\Windows\SYSTEM32\POWRPROF.dll
0x00007fff8ee30000 - 0x00007fff8ee57000 	C:\Windows\SYSTEM32\WINMM.dll
0x00007fff942f0000 - 0x00007fff942fa000 	C:\Windows\SYSTEM32\VERSION.dll
0x00007fff995c0000 - 0x00007fff995d2000 	C:\Windows\SYSTEM32\UMPDC.dll
0x00007fff98060000 - 0x00007fff98072000 	C:\Windows\SYSTEM32\kernel.appcore.dll
0x00007fff94db0000 - 0x00007fff94dba000 	c:\Users\Admin\.windsurf\extensions\redhat.java-1.42.0-win32-x64\jre\21.0.7-win32-x86_64\bin\jimage.dll
0x00007fff8c4e0000 - 0x00007fff8c6e1000 	C:\Windows\SYSTEM32\DBGHELP.DLL
0x00007fff81190000 - 0x00007fff811c4000 	C:\Windows\SYSTEM32\dbgcore.DLL
0x00007fff9aac0000 - 0x00007fff9ab42000 	C:\Windows\System32\bcryptPrimitives.dll
0x00007fff916f0000 - 0x00007fff916ff000 	c:\Users\Admin\.windsurf\extensions\redhat.java-1.42.0-win32-x64\jre\21.0.7-win32-x86_64\bin\instrument.dll
0x00007fff93080000 - 0x00007fff9309f000 	c:\Users\Admin\.windsurf\extensions\redhat.java-1.42.0-win32-x64\jre\21.0.7-win32-x86_64\bin\java.dll
0x00007fff9b290000 - 0x00007fff9b9fe000 	C:\Windows\System32\SHELL32.dll
0x00007fff98260000 - 0x00007fff98a04000 	C:\Windows\SYSTEM32\windows.storage.dll
0x00007fff9c4e0000 - 0x00007fff9c833000 	C:\Windows\System32\combase.dll
0x00007fff99bf0000 - 0x00007fff99c1b000 	C:\Windows\SYSTEM32\Wldp.dll
0x00007fff9b090000 - 0x00007fff9b15d000 	C:\Windows\System32\OLEAUT32.dll
0x00007fff9abb0000 - 0x00007fff9ac5d000 	C:\Windows\System32\SHCORE.dll
0x00007fff9ab50000 - 0x00007fff9abab000 	C:\Windows\System32\shlwapi.dll
0x00007fff9a0f0000 - 0x00007fff9a115000 	C:\Windows\SYSTEM32\profapi.dll
0x00007fff927b0000 - 0x00007fff927c8000 	c:\Users\Admin\.windsurf\extensions\redhat.java-1.42.0-win32-x64\jre\21.0.7-win32-x86_64\bin\zip.dll
0x00007fff93980000 - 0x00007fff93990000 	C:\Users\Admin\.windsurf\extensions\redhat.java-1.42.0-win32-x64\jre\21.0.7-win32-x86_64\bin\net.dll
0x00007fff94950000 - 0x00007fff94a5a000 	C:\Windows\SYSTEM32\WINHTTP.dll
0x00007fff99950000 - 0x00007fff999ba000 	C:\Windows\system32\mswsock.dll
0x00007fff926d0000 - 0x00007fff926e6000 	C:\Users\Admin\.windsurf\extensions\redhat.java-1.42.0-win32-x64\jre\21.0.7-win32-x86_64\bin\nio.dll
0x00007fff86ba0000 - 0x00007fff86bb0000 	c:\Users\Admin\.windsurf\extensions\redhat.java-1.42.0-win32-x64\jre\21.0.7-win32-x86_64\bin\verify.dll
0x00007fff7a580000 - 0x00007fff7a5c5000 	C:\Users\Admin\AppData\Roaming\Windsurf\User\globalStorage\redhat.java\1.42.0\config_win\org.eclipse.equinox.launcher\org.eclipse.equinox.launcher.win32.win32.x86_64_1.2.1300.v20250331-1702\eclipse_11911.dll
0x00007fff9c300000 - 0x00007fff9c42b000 	C:\Windows\System32\ole32.dll
0x00007fff99b50000 - 0x00007fff99b68000 	C:\Windows\SYSTEM32\CRYPTSP.dll
0x00007fff99200000 - 0x00007fff99238000 	C:\Windows\system32\rsaenh.dll
0x00007fff9a070000 - 0x00007fff9a09e000 	C:\Windows\SYSTEM32\USERENV.dll
0x00007fff99b40000 - 0x00007fff99b4c000 	C:\Windows\SYSTEM32\CRYPTBASE.dll
0x00007fff995e0000 - 0x00007fff9961b000 	C:\Windows\SYSTEM32\IPHLPAPI.DLL
0x00007fff9c2f0000 - 0x00007fff9c2f8000 	C:\Windows\System32\NSI.dll
0x00007fff7a4e0000 - 0x00007fff7a529000 	C:\Users\Admin\AppData\Local\Temp\jna-63116079\jna18325891303892612239.dll
0x00007fff9c180000 - 0x00007fff9c188000 	C:\Windows\System32\PSAPI.DLL
0x00007fff94f50000 - 0x00007fff94f67000 	C:\Windows\SYSTEM32\dhcpcsvc6.DLL
0x00007fff95270000 - 0x00007fff9528d000 	C:\Windows\SYSTEM32\dhcpcsvc.DLL

dbghelp: loaded successfully - version: 4.0.5 - missing functions: none
symbol engine: initialized successfully - sym options: 0x614 - pdb path: .;c:\Users\Admin\.windsurf\extensions\redhat.java-1.42.0-win32-x64\jre\21.0.7-win32-x86_64\bin;C:\Windows\SYSTEM32;C:\Windows\WinSxS\amd64_microsoft.windows.common-controls_6595b64144ccf1df_6.0.19041.5915_none_60b4b9d171f9c7c7;c:\Users\Admin\.windsurf\extensions\redhat.java-1.42.0-win32-x64\jre\21.0.7-win32-x86_64\bin\server;C:\Users\Admin\AppData\Roaming\Windsurf\User\globalStorage\redhat.java\1.42.0\config_win\org.eclipse.equinox.launcher\org.eclipse.equinox.launcher.win32.win32.x86_64_1.2.1300.v20250331-1702;C:\Users\Admin\AppData\Local\Temp\jna-63116079

VM Arguments:
jvm_args: --add-modules=ALL-SYSTEM --add-opens=java.base/java.util=ALL-UNNAMED --add-opens=java.base/java.lang=ALL-UNNAMED --add-opens=java.base/sun.nio.fs=ALL-UNNAMED -Declipse.application=org.eclipse.jdt.ls.core.id1 -Dosgi.bundles.defaultStartLevel=4 -Declipse.product=org.eclipse.jdt.ls.core.product -Djava.import.generatesMetadataFilesAtProjectRoot=false -DDetectVMInstallationsJob.disabled=true -Dfile.encoding=utf8 -XX:+UseParallelGC -XX:GCTimeRatio=4 -XX:AdaptiveSizePolicyWeight=90 -Dsun.zip.disableMemoryMapping=true -Xmx1G -Xms100m -Xlog:disable -javaagent:c:\Users\Admin\.windsurf\extensions\redhat.java-1.42.0-win32-x64\lombok\lombok-1.18.36.jar -XX:+HeapDumpOnOutOfMemoryError -XX:HeapDumpPath=c:\Users\Admin\AppData\Roaming\Windsurf\User\workspaceStorage\1060308cc4c818a36d141af165348916\redhat.java -Daether.dependencyCollector.impl=bf 
java_command: c:\Users\Admin\.windsurf\extensions\redhat.java-1.42.0-win32-x64\server\plugins\org.eclipse.equinox.launcher_1.7.0.v20250424-1814.jar -configuration c:\Users\Admin\AppData\Roaming\Windsurf\User\globalStorage\redhat.java\1.42.0\config_win -data c:\Users\Admin\AppData\Roaming\Windsurf\User\workspaceStorage\1060308cc4c818a36d141af165348916\redhat.java\jdt_ws --pipe=\\.\pipe\lsp-a36fd024f4e06db2ea0b4d3141d992d0-sock
java_class_path (initial): c:\Users\Admin\.windsurf\extensions\redhat.java-1.42.0-win32-x64\server\plugins\org.eclipse.equinox.launcher_1.7.0.v20250424-1814.jar
Launcher Type: SUN_STANDARD

[Global flags]
    uintx AdaptiveSizePolicyWeight                 = 90                                        {product} {command line}
     intx CICompilerCount                          = 4                                         {product} {ergonomic}
    uintx GCTimeRatio                              = 4                                         {product} {command line}
     bool HeapDumpOnOutOfMemoryError               = true                                   {manageable} {command line}
    ccstr HeapDumpPath                             = c:\Users\Admin\AppData\Roaming\Windsurf\User\workspaceStorage\1060308cc4c818a36d141af165348916\redhat.java         {manageable} {command line}
   size_t InitialHeapSize                          = 104857600                                 {product} {command line}
   size_t MaxHeapSize                              = 1073741824                                {product} {command line}
   size_t MaxNewSize                               = 357564416                                 {product} {ergonomic}
   size_t MinHeapDeltaBytes                        = 524288                                    {product} {ergonomic}
   size_t MinHeapSize                              = 104857600                                 {product} {command line}
   size_t NewSize                                  = 34603008                                  {product} {ergonomic}
    uintx NonNMethodCodeHeapSize                   = 5839372                                {pd product} {ergonomic}
    uintx NonProfiledCodeHeapSize                  = 122909434                              {pd product} {ergonomic}
   size_t OldSize                                  = 70254592                                  {product} {ergonomic}
    uintx ProfiledCodeHeapSize                     = 122909434                              {pd product} {ergonomic}
    uintx ReservedCodeCacheSize                    = 251658240                              {pd product} {ergonomic}
     bool SegmentedCodeCache                       = true                                      {product} {ergonomic}
   size_t SoftMaxHeapSize                          = 1073741824                             {manageable} {ergonomic}
     bool UseCompressedOops                        = true                           {product lp64_product} {ergonomic}
     bool UseLargePagesIndividualAllocation        = false                                  {pd product} {ergonomic}
     bool UseParallelGC                            = true                                      {product} {command line}

Logging:
Log output configuration:
 #0: stdout all=off uptime,level,tags foldmultilines=false
 #1: stderr all=off uptime,level,tags foldmultilines=false

Environment Variables:
JAVA_HOME=C:\Program Files\Java\jdk-17.0.2
PATH=d:\cursor\resources\app\bin;C:\Program Files\BraveSoftware\Brave-Browser\Application;C:\Program Files\Common Files\Oracle\Java\javapath;C:\Windows\system32;C:\Windows;C:\Windows\System32\Wbem;C:\Windows\System32\WindowsPowerShell\v1.0\;C:\Windows\System32\OpenSSH\;C:\Program Files (x86)\NVIDIA Corporation\PhysX\Common;C:\Program Files\Java\jdk-17.0.2\bin;Git\cmd;C:\Program Files\NVIDIA Corporation\NVIDIA NvDLISR;C:\Program Files\Azure Data Studio\bin;C:\Program Files (x86)\Microsoft SQL Server\160\Tools\Binn\;C:\Program Files\Microsoft SQL Server\160\Tools\Binn\;C:\Program Files\Microsoft SQL Server\Client SDK\ODBC\170\Tools\Binn\;C:\Program Files\Microsoft SQL Server\160\DTS\Binn\;C:\Program Files (x86)\Microsoft SQL Server\160\DTS\Binn\;C:\xampp\php;C:\ProgramData\ComposerSetup\bin;C:\Program Files\MySQL\MySQL Shell 8.0\bin\;C:\Users\Admin\AppData\Local\Microsoft\WindowsApps;C:\Users\Admin\AppData\Local\GitHubDesktop\bin;C:\Users\Admin\AppData\Roaming\npm;C:\Users\Admin\AppData\Roaming\Composer\vendor\bin;C;D:\Git\cmd;Microsoft VS Code\bin;C:\src\flutter\bin;C:\Users\Admin\AppData\Local\Packages\PythonSoftwareFoundation.Python.3.9_qbz5n2kfra8p0\LocalCache\local-packages\Python39\Scripts;C:\Users\Admin\AppData\Local\Programs\Python\bin;C:\Program Files\JetBrains\PyCharm 2024.2\bin;C:\Users\Admin\AppData\Local\Microsoft\WinGet\Packages\Schniz.fnm_Microsoft.Winget.Source_8wekyb3d8bbwe;D:\nvm;D:\;D:\Microsoft VS Code\bin;C:\Program Files\Microsoft SQL Server\150\Tools\Binn;C:\Program Files\MySQL\MySQL Server 8.0\bin;D:\Windsurf\bin;C:\Users\Admin\AppData\Roaming\npm\bin;D:\cursor\resources\app\bin;C:\Program Files\Git\bin;C:\Program Files\Git\cmd;C:\Program Files\Git\cmd;C:\Program Files\MySQL\MySQL Shell 8.0\bin\;C:\Users\Admin\AppData\Local\Microsoft\WindowsApps;Microsoft VS Code\bin;C:\Users\Admin\AppData\Local\GitHubDesktop\bin;C:\Program Files\Azure Data Studio\bin;C:\Users\Admin\AppData\Roaming\Composer\vendor\bin;C:\src\flutter\bin;C:\Users\Admin\AppData\Local\Packages\PythonSoftwareFoundation.Python.3.9_qbz5n2kfra8p0\LocalCache\local-packages\Python39\Scripts;C:\Users\Admin\AppData\Local\Programs\Python\bin;C:\Program Files\JetBrains\PyCharm 2024.2\bin;;C:\Users\Admin\AppData\Local\Microsoft\WinGet\Packages\Schniz.fnm_Microsoft.Winget.Source_8wekyb3d8bbwe;D:\nvm;D:\;C:\Users\Admin\AppData\Roaming\npm;D:\Microsoft VS Code\bin;C:\Program Files\Microsoft SQL Server\150\Tools\Binn;C:\Program Files\MySQL\MySQL Server 8.0\bin;D:\Windsurf\bin;C:\Users\Admin\AppData\Roaming\npm\bin;D:\cursor\resources\app\bin;C:\Program Files\Git\bin;C:\Program Files\Git\cmd;D:\Admin\AndroidSDK\platform-tools;
USERNAME=Admin
OS=Windows_NT
PROCESSOR_IDENTIFIER=AMD64 Family 23 Model 113 Stepping 0, AuthenticAMD
TMP=C:\Users\Admin\AppData\Local\Temp
TEMP=C:\Users\Admin\AppData\Local\Temp




Periodic native trim disabled

---------------  S Y S T E M  ---------------

OS:
 Windows 10 , 64 bit Build 19041 (10.0.19041.5915)
OS uptime: 6 days 9:26 hours

CPU: total 12 (initial active 12) (12 cores per cpu, 2 threads per core) family 23 model 113 stepping 0 microcode 0x0, cx8, cmov, fxsr, ht, mmx, 3dnowpref, sse, sse2, sse3, ssse3, sse4a, sse4.1, sse4.2, popcnt, lzcnt, tsc, tscinvbit, avx, avx2, aes, clmul, bmi1, bmi2, adx, sha, fma, vzeroupper, clflush, clflushopt, rdtscp, rdpid, f16c
Processor Information for the first 12 processors :
  Max Mhz: 3600, Current Mhz: 3600, Mhz Limit: 3600

Memory: 4k page, system-wide physical 16310M (3286M free)
TotalPageFile size 18358M (AvailPageFile size 9M)
current process WorkingSet (physical memory assigned to process): 221M, peak: 222M
current process commit charge ("private bytes"): 313M, peak: 316M

vm_info: OpenJDK 64-Bit Server VM (21.0.7+6-LTS) for windows-amd64 JRE (21.0.7+6-LTS), built on 2025-04-15T00:00:00Z by "admin" with MS VC++ 17.7 (VS2022)

END.
