#
# There is insufficient memory for the Java Runtime Environment to continue.
# Native memory allocation (malloc) failed to allocate 1135920 bytes. Error detail: Chunk::new
# Possible reasons:
#   The system is out of physical RAM or swap space
#   This process is running with CompressedOops enabled, and the Java Heap may be blocking the growth of the native heap
# Possible solutions:
#   Reduce memory load on the system
#   Increase physical memory or swap space
#   Check if swap backing store is full
#   Decrease Java heap size (-Xmx/-Xms)
#   Decrease number of Java threads
#   Decrease Java thread stack sizes (-Xss)
#   Set larger code cache with -XX:ReservedCodeCacheSize=
#   JVM is running with Unscaled Compressed Oops mode in which the Java heap is
#     placed in the first 4GB address space. The Java Heap base address is the
#     maximum limit for the native heap growth. Please use -XX:HeapBaseMinAddress
#     to set the Java Heap base and to place the Java Heap above 4GB virtual address.
# This output file may be truncated or incomplete.
#
#  Out of Memory Error (arena.cpp:168), pid=17672, tid=9268
#
# JRE version: OpenJDK Runtime Environment Temurin-21.0.7+6 (21.0.7+6) (build 21.0.7+6-LTS)
# Java VM: OpenJDK 64-Bit Server VM Temurin-21.0.7+6 (21.0.7+6-LTS, mixed mode, sharing, tiered, compressed oops, compressed class ptrs, parallel gc, windows-amd64)
# No core dump will be written. Minidumps are not enabled by default on client versions of Windows
#

---------------  S U M M A R Y ------------

Command Line: --add-modules=ALL-SYSTEM --add-opens=java.base/java.util=ALL-UNNAMED --add-opens=java.base/java.lang=ALL-UNNAMED --add-opens=java.base/sun.nio.fs=ALL-UNNAMED -Declipse.application=org.eclipse.jdt.ls.core.id1 -Dosgi.bundles.defaultStartLevel=4 -Declipse.product=org.eclipse.jdt.ls.core.product -Djava.import.generatesMetadataFilesAtProjectRoot=false -DDetectVMInstallationsJob.disabled=true -Dfile.encoding=utf8 -XX:+UseParallelGC -XX:GCTimeRatio=4 -XX:AdaptiveSizePolicyWeight=90 -Dsun.zip.disableMemoryMapping=true -Xmx1G -Xms100m -Xlog:disable -javaagent:c:\Users\Admin\.windsurf\extensions\redhat.java-1.42.0-win32-x64\lombok\lombok-1.18.36.jar -XX:+HeapDumpOnOutOfMemoryError -XX:HeapDumpPath=c:\Users\Admin\AppData\Roaming\Windsurf\User\workspaceStorage\1060308cc4c818a36d141af165348916\redhat.java -Daether.dependencyCollector.impl=bf c:\Users\Admin\.windsurf\extensions\redhat.java-1.42.0-win32-x64\server\plugins\org.eclipse.equinox.launcher_1.7.0.v20250424-1814.jar -configuration c:\Users\Admin\AppData\Roaming\Windsurf\User\globalStorage\redhat.java\1.42.0\config_win -data c:\Users\Admin\AppData\Roaming\Windsurf\User\workspaceStorage\1060308cc4c818a36d141af165348916\redhat.java\jdt_ws --pipe=\\.\pipe\lsp-e62767a6d2a8391013b171c7a8237f3c-sock

Host: AMD Ryzen 5 3600 6-Core Processor              , 12 cores, 15G,  Windows 10 , 64 bit Build 19041 (10.0.19041.5915)
Time: Wed Jun 18 09:19:17 2025 China Standard Time elapsed time: 2.625501 seconds (0d 0h 0m 2s)

---------------  T H R E A D  ---------------

Current thread (0x0000020c5879a910):  JavaThread "C2 CompilerThread1" daemon [_thread_in_native, id=9268, stack(0x000000fc85200000,0x000000fc85300000) (1024K)]


Current CompileTask:
C2:2625 4264       4       org.eclipse.osgi.internal.serviceregistry.ServiceRegistry::notifyHooksPrivileged (57 bytes)

Stack: [0x000000fc85200000,0x000000fc85300000]
Native frames: (J=compiled Java code, j=interpreted, Vv=VM code, C=native code)
V  [jvm.dll+0x6ce119]
V  [jvm.dll+0x8a84a1]
V  [jvm.dll+0x8aa9ce]
V  [jvm.dll+0x8ab0b3]
V  [jvm.dll+0x27f8a6]
V  [jvm.dll+0xc507d]
V  [jvm.dll+0xc55b3]
V  [jvm.dll+0x3b692c]
V  [jvm.dll+0x382aa5]
V  [jvm.dll+0x381f0a]
V  [jvm.dll+0x247af0]
V  [jvm.dll+0x2470cf]
V  [jvm.dll+0x1c760e]
V  [jvm.dll+0x25695a]
V  [jvm.dll+0x254efa]
V  [jvm.dll+0x3f03f6]
V  [jvm.dll+0x851f6b]
V  [jvm.dll+0x6cc7dd]
C  [ucrtbase.dll+0x21bb2]
C  [KERNEL32.DLL+0x17374]
C  [ntdll.dll+0x4cc91]


---------------  P R O C E S S  ---------------

Threads class SMR info:
_java_thread_list=0x0000020c5f3ca4f0, length=25, elements={
0x0000020c7f5497c0, 0x0000020c15736a40, 0x0000020c157382a0, 0x0000020c1573a3c0,
0x0000020c1573b550, 0x0000020c58781130, 0x0000020c58783330, 0x0000020c5878f9c0,
0x0000020c5879b6b0, 0x0000020c5886b340, 0x0000020c5879a910, 0x0000020c58ae9630,
0x0000020c5879afe0, 0x0000020c5d866950, 0x0000020c5d5ec870, 0x0000020c5da260a0,
0x0000020c5dc18910, 0x0000020c5da17b40, 0x0000020c5e078d30, 0x0000020c5dbdd820,
0x0000020c5dbddeb0, 0x0000020c5dbdcb00, 0x0000020c5dbdb750, 0x0000020c5dbdd190,
0x0000020c5dbdb0c0
}

Java Threads: ( => current thread )
  0x0000020c7f5497c0 JavaThread "main"                              [_thread_blocked, id=11828, stack(0x000000fc84500000,0x000000fc84600000) (1024K)]
  0x0000020c15736a40 JavaThread "Reference Handler"          daemon [_thread_blocked, id=6676, stack(0x000000fc84900000,0x000000fc84a00000) (1024K)]
  0x0000020c157382a0 JavaThread "Finalizer"                  daemon [_thread_blocked, id=15472, stack(0x000000fc84a00000,0x000000fc84b00000) (1024K)]
  0x0000020c1573a3c0 JavaThread "Signal Dispatcher"          daemon [_thread_blocked, id=4652, stack(0x000000fc84b00000,0x000000fc84c00000) (1024K)]
  0x0000020c1573b550 JavaThread "Attach Listener"            daemon [_thread_blocked, id=13244, stack(0x000000fc84c00000,0x000000fc84d00000) (1024K)]
  0x0000020c58781130 JavaThread "Service Thread"             daemon [_thread_blocked, id=6364, stack(0x000000fc84d00000,0x000000fc84e00000) (1024K)]
  0x0000020c58783330 JavaThread "Monitor Deflation Thread"   daemon [_thread_blocked, id=11440, stack(0x000000fc84e00000,0x000000fc84f00000) (1024K)]
  0x0000020c5878f9c0 JavaThread "C2 CompilerThread0"         daemon [_thread_in_native, id=1136, stack(0x000000fc84f00000,0x000000fc85000000) (1024K)]
  0x0000020c5879b6b0 JavaThread "C1 CompilerThread0"         daemon [_thread_blocked, id=4168, stack(0x000000fc85000000,0x000000fc85100000) (1024K)]
  0x0000020c5886b340 JavaThread "Common-Cleaner"             daemon [_thread_blocked, id=11148, stack(0x000000fc85100000,0x000000fc85200000) (1024K)]
=>0x0000020c5879a910 JavaThread "C2 CompilerThread1"         daemon [_thread_in_native, id=9268, stack(0x000000fc85200000,0x000000fc85300000) (1024K)]
  0x0000020c58ae9630 JavaThread "Notification Thread"        daemon [_thread_blocked, id=8680, stack(0x000000fc85300000,0x000000fc85400000) (1024K)]
  0x0000020c5879afe0 JavaThread "C2 CompilerThread2"         daemon [_thread_in_native, id=11444, stack(0x000000fc85400000,0x000000fc85500000) (1024K)]
  0x0000020c5d866950 JavaThread "Active Thread: Equinox Container: e08b8cc2-f256-4d90-9061-57ca8b0b500f"        [_thread_blocked, id=20036, stack(0x000000fc85b00000,0x000000fc85c00000) (1024K)]
  0x0000020c5d5ec870 JavaThread "Refresh Thread: Equinox Container: e08b8cc2-f256-4d90-9061-57ca8b0b500f" daemon [_thread_blocked, id=12164, stack(0x000000fc85c00000,0x000000fc85d00000) (1024K)]
  0x0000020c5da260a0 JavaThread "Framework Event Dispatcher: Equinox Container: e08b8cc2-f256-4d90-9061-57ca8b0b500f" daemon [_thread_blocked, id=17200, stack(0x000000fc85e00000,0x000000fc85f00000) (1024K)]
  0x0000020c5dc18910 JavaThread "Start Level: Equinox Container: e08b8cc2-f256-4d90-9061-57ca8b0b500f" daemon [_thread_in_vm, id=21324, stack(0x000000fc85f00000,0x000000fc86000000) (1024K)]
  0x0000020c5da17b40 JavaThread "Bundle File Closer"         daemon [_thread_blocked, id=4496, stack(0x000000fc86200000,0x000000fc86300000) (1024K)]
  0x0000020c5e078d30 JavaThread "SCR Component Actor"        daemon [_thread_blocked, id=3224, stack(0x000000fc86300000,0x000000fc86400000) (1024K)]
  0x0000020c5dbdd820 JavaThread "SCR Component Registry"     daemon [_thread_blocked, id=1496, stack(0x000000fc86400000,0x000000fc86500000) (1024K)]
  0x0000020c5dbddeb0 JavaThread "Worker-JM"                         [_thread_blocked, id=20328, stack(0x000000fc86500000,0x000000fc86600000) (1024K)]
  0x0000020c5dbdcb00 JavaThread "JNA Cleaner"                daemon [_thread_blocked, id=12016, stack(0x000000fc86600000,0x000000fc86700000) (1024K)]
  0x0000020c5dbdb750 JavaThread "Worker-0"                          [_thread_blocked, id=18672, stack(0x000000fc86700000,0x000000fc86800000) (1024K)]
  0x0000020c5dbdd190 JavaThread "Worker-1"                          [_thread_blocked, id=16400, stack(0x000000fc86800000,0x000000fc86900000) (1024K)]
  0x0000020c5dbdb0c0 JavaThread "Java indexing"              daemon [_thread_blocked, id=9984, stack(0x000000fc86900000,0x000000fc86a00000) (1024K)]
Total: 25

Other Threads:
  0x0000020c7f6067f0 VMThread "VM Thread"                           [id=21372, stack(0x000000fc84800000,0x000000fc84900000) (1024K)]
  0x0000020c1561cb20 WatcherThread "VM Periodic Task Thread"        [id=2080, stack(0x000000fc84700000,0x000000fc84800000) (1024K)]
  0x0000020c7f568ca0 WorkerThread "GC Thread#0"                     [id=9352, stack(0x000000fc84600000,0x000000fc84700000) (1024K)]
  0x0000020c5d817500 WorkerThread "GC Thread#1"                     [id=21168, stack(0x000000fc85500000,0x000000fc85600000) (1024K)]
  0x0000020c5d77d5f0 WorkerThread "GC Thread#2"                     [id=14268, stack(0x000000fc85600000,0x000000fc85700000) (1024K)]
  0x0000020c5d263e90 WorkerThread "GC Thread#3"                     [id=4740, stack(0x000000fc85700000,0x000000fc85800000) (1024K)]
  0x0000020c5d268a80 WorkerThread "GC Thread#4"                     [id=11348, stack(0x000000fc85800000,0x000000fc85900000) (1024K)]
  0x0000020c5d268e20 WorkerThread "GC Thread#5"                     [id=19288, stack(0x000000fc85900000,0x000000fc85a00000) (1024K)]
  0x0000020c5d76e070 WorkerThread "GC Thread#6"                     [id=17844, stack(0x000000fc85a00000,0x000000fc85b00000) (1024K)]
  0x0000020c5d5f2600 WorkerThread "GC Thread#7"                     [id=20076, stack(0x000000fc85d00000,0x000000fc85e00000) (1024K)]
  0x0000020c5e10ca30 WorkerThread "GC Thread#8"                     [id=1012, stack(0x000000fc86000000,0x000000fc86100000) (1024K)]
  0x0000020c5e10cdd0 WorkerThread "GC Thread#9"                     [id=22496, stack(0x000000fc86100000,0x000000fc86200000) (1024K)]
Total: 12

Threads with active compile tasks:
C2 CompilerThread0  2642 4093       4       org.lombokweb.asm.ClassReader::readMethod (1070 bytes)
C2 CompilerThread1  2642 4264       4       org.eclipse.osgi.internal.serviceregistry.ServiceRegistry::notifyHooksPrivileged (57 bytes)
C2 CompilerThread2  2642 4322       4       java.util.TreeMap::addEntry (59 bytes)
Total: 3

VM state: not at safepoint (normal execution)

VM Mutex/Monitor currently owned by a thread: None

Heap address: 0x00000000c0000000, size: 1024 MB, Compressed Oops mode: 32-bit

CDS archive(s) mapped at: [0x0000020c16000000-0x0000020c16ba0000-0x0000020c16ba0000), size 12189696, SharedBaseAddress: 0x0000020c16000000, ArchiveRelocationMode: 1.
Compressed class space mapped at: 0x0000020c17000000-0x0000020c57000000, reserved size: 1073741824
Narrow klass base: 0x0000020c16000000, Narrow klass shift: 0, Narrow klass range: 0x100000000

GC Precious Log:
 CardTable entry size: 512
 CPUs: 12 total, 12 available
 Memory: 16310M
 Large Page Support: Disabled
 NUMA Support: Disabled
 Compressed Oops: Enabled (32-bit)
 Alignments: Space 512K, Generation 512K, Heap 2M
 Heap Min Capacity: 100M
 Heap Initial Capacity: 100M
 Heap Max Capacity: 1G
 Pre-touch: Disabled
 Parallel Workers: 10

Heap:
 PSYoungGen      total 24064K, used 11938K [0x00000000eab00000, 0x00000000ec600000, 0x0000000100000000)
  eden space 22016K, 46% used [0x00000000eab00000,0x00000000eb4f66e0,0x00000000ec080000)
  from space 2048K, 84% used [0x00000000ec380000,0x00000000ec5322b0,0x00000000ec580000)
  to   space 512K, 0% used [0x00000000ec580000,0x00000000ec580000,0x00000000ec600000)
 ParOldGen       total 68608K, used 16857K [0x00000000c0000000, 0x00000000c4300000, 0x00000000eab00000)
  object space 68608K, 24% used [0x00000000c0000000,0x00000000c1076688,0x00000000c4300000)
 Metaspace       used 29343K, committed 30272K, reserved 1114112K
  class space    used 2796K, committed 3200K, reserved 1048576K

Card table byte_map: [0x0000020c7eef0000,0x0000020c7f100000] _byte_map_base: 0x0000020c7e8f0000

Marking Bits: (ParMarkBitMap*) 0x00007fff4e9d31f0
 Begin Bits: [0x0000020c13540000, 0x0000020c14540000)
 End Bits:   [0x0000020c14540000, 0x0000020c15540000)

Polling page: 0x0000020c7e6b0000

Metaspace:

Usage:
  Non-class:     25.92 MB used.
      Class:      2.73 MB used.
       Both:     28.66 MB used.

Virtual space:
  Non-class space:       64.00 MB reserved,      26.44 MB ( 41%) committed,  1 nodes.
      Class space:        1.00 GB reserved,       3.12 MB ( <1%) committed,  1 nodes.
             Both:        1.06 GB reserved,      29.56 MB (  3%) committed. 

Chunk freelists:
   Non-Class:  5.38 MB
       Class:  12.90 MB
        Both:  18.27 MB

MaxMetaspaceSize: unlimited
CompressedClassSpaceSize: 1.00 GB
Initial GC threshold: 21.00 MB
Current GC threshold: 35.00 MB
CDS: on
 - commit_granule_bytes: 65536.
 - commit_granule_words: 8192.
 - virtual_space_node_default_size: 8388608.
 - enlarge_chunks_in_place: 1.
 - use_allocation_guard: 0.


Internal statistics:

num_allocs_failed_limit: 3.
num_arena_births: 634.
num_arena_deaths: 14.
num_vsnodes_births: 2.
num_vsnodes_deaths: 0.
num_space_committed: 473.
num_space_uncommitted: 0.
num_chunks_returned_to_freelist: 17.
num_chunks_taken_from_freelist: 1749.
num_chunk_merges: 9.
num_chunk_splits: 1166.
num_chunks_enlarged: 779.
num_inconsistent_stats: 0.

CodeHeap 'non-profiled nmethods': size=120000Kb used=2106Kb max_used=2106Kb free=117893Kb
 bounds [0x0000020c0c010000, 0x0000020c0c280000, 0x0000020c13540000]
CodeHeap 'profiled nmethods': size=120000Kb used=9216Kb max_used=9216Kb free=110783Kb
 bounds [0x0000020c04540000, 0x0000020c04e50000, 0x0000020c0ba70000]
CodeHeap 'non-nmethods': size=5760Kb used=1343Kb max_used=1358Kb free=4416Kb
 bounds [0x0000020c0ba70000, 0x0000020c0bce0000, 0x0000020c0c010000]
 total_blobs=5007 nmethods=4376 adapters=537
 compilation: enabled
              stopped_count=0, restarted_count=0
 full_count=0

Compilation events (20 events):
Event: 2.619 Thread 0x0000020c5879b6b0 4371       3       com.sun.org.apache.xerces.internal.dom.NodeImpl::needsSyncChildren (15 bytes)
Event: 2.619 Thread 0x0000020c5879b6b0 nmethod 4371 0x0000020c04e39310 code [0x0000020c04e394a0, 0x0000020c04e39608]
Event: 2.619 Thread 0x0000020c5879b6b0 4373       3       com.sun.org.apache.xerces.internal.dom.NodeImpl::ownerDocument (23 bytes)
Event: 2.619 Thread 0x0000020c5879b6b0 nmethod 4373 0x0000020c04e39690 code [0x0000020c04e39860, 0x0000020c04e39c30]
Event: 2.619 Thread 0x0000020c5879b6b0 4367       1       com.sun.org.apache.xerces.internal.dom.AttrImpl::getNodeType (2 bytes)
Event: 2.619 Thread 0x0000020c5879b6b0 nmethod 4367 0x0000020c0c21b290 code [0x0000020c0c21b420, 0x0000020c0c21b4e8]
Event: 2.619 Thread 0x0000020c5879b6b0 4372       1       com.sun.org.apache.xerces.internal.dom.DocumentImpl::setMutationEvents (6 bytes)
Event: 2.619 Thread 0x0000020c5879b6b0 nmethod 4372 0x0000020c0c21b590 code [0x0000020c0c21b720, 0x0000020c0c21b7f0]
Event: 2.619 Thread 0x0000020c5879b6b0 4374       3       com.sun.org.apache.xerces.internal.dom.NodeImpl::hasStringValue (29 bytes)
Event: 2.619 Thread 0x0000020c5879b6b0 nmethod 4374 0x0000020c04e39d10 code [0x0000020c04e39ea0, 0x0000020c04e3a008]
Event: 2.619 Thread 0x0000020c5879b6b0 4376       3       com.sun.org.apache.xerces.internal.dom.NamedNodeMapImpl::findNamePoint (105 bytes)
Event: 2.620 Thread 0x0000020c5879b6b0 nmethod 4376 0x0000020c04e3a090 code [0x0000020c04e3a2a0, 0x0000020c04e3a990]
Event: 2.620 Thread 0x0000020c5879b6b0 4368       1       com.sun.org.apache.xerces.internal.dom.ElementImpl::getNodeType (2 bytes)
Event: 2.620 Thread 0x0000020c5879afe0 nmethod 4311 0x0000020c0c21b890 code [0x0000020c0c21ba60, 0x0000020c0c21bf50]
Event: 2.620 Thread 0x0000020c5879b6b0 nmethod 4368 0x0000020c0c21c310 code [0x0000020c0c21c4a0, 0x0000020c0c21c568]
Event: 2.620 Thread 0x0000020c5879b6b0 4375       3       com.sun.org.apache.xerces.internal.dom.DeferredDocumentImpl::clearChunkValue (69 bytes)
Event: 2.620 Thread 0x0000020c5879afe0 4312       4       java.lang.String$CaseInsensitiveComparator::compare (68 bytes)
Event: 2.620 Thread 0x0000020c5879b6b0 nmethod 4375 0x0000020c04e3ab90 code [0x0000020c04e3ad80, 0x0000020c04e3b470]
Event: 2.620 Thread 0x0000020c5879b6b0 4377       1       org.eclipse.text.templates.TemplatePersistenceData::getId (5 bytes)
Event: 2.620 Thread 0x0000020c5879b6b0 nmethod 4377 0x0000020c0c21c610 code [0x0000020c0c21c7a0, 0x0000020c0c21c868]

GC Heap History (20 events):
Event: 1.000 GC heap before
{Heap before GC invocations=3 (full 0):
 PSYoungGen      total 29696K, used 29668K [0x00000000eab00000, 0x00000000ecc00000, 0x0000000100000000)
  eden space 25600K, 100% used [0x00000000eab00000,0x00000000ec400000,0x00000000ec400000)
  from space 4096K, 99% used [0x00000000ec800000,0x00000000ecbf91d8,0x00000000ecc00000)
  to   space 4096K, 0% used [0x00000000ec400000,0x00000000ec400000,0x00000000ec800000)
 ParOldGen       total 68608K, used 1734K [0x00000000c0000000, 0x00000000c4300000, 0x00000000eab00000)
  object space 68608K, 2% used [0x00000000c0000000,0x00000000c01b1908,0x00000000c4300000)
 Metaspace       used 9311K, committed 9728K, reserved 1114112K
  class space    used 966K, committed 1152K, reserved 1048576K
}
Event: 1.006 GC heap after
{Heap after GC invocations=3 (full 0):
 PSYoungGen      total 29696K, used 4064K [0x00000000eab00000, 0x00000000ecc00000, 0x0000000100000000)
  eden space 25600K, 0% used [0x00000000eab00000,0x00000000eab00000,0x00000000ec400000)
  from space 4096K, 99% used [0x00000000ec400000,0x00000000ec7f8258,0x00000000ec800000)
  to   space 4096K, 0% used [0x00000000ec800000,0x00000000ec800000,0x00000000ecc00000)
 ParOldGen       total 68608K, used 5130K [0x00000000c0000000, 0x00000000c4300000, 0x00000000eab00000)
  object space 68608K, 7% used [0x00000000c0000000,0x00000000c0502b60,0x00000000c4300000)
 Metaspace       used 9311K, committed 9728K, reserved 1114112K
  class space    used 966K, committed 1152K, reserved 1048576K
}
Event: 1.271 GC heap before
{Heap before GC invocations=4 (full 0):
 PSYoungGen      total 29696K, used 29664K [0x00000000eab00000, 0x00000000ecc00000, 0x0000000100000000)
  eden space 25600K, 100% used [0x00000000eab00000,0x00000000ec400000,0x00000000ec400000)
  from space 4096K, 99% used [0x00000000ec400000,0x00000000ec7f8258,0x00000000ec800000)
  to   space 4096K, 0% used [0x00000000ec800000,0x00000000ec800000,0x00000000ecc00000)
 ParOldGen       total 68608K, used 5130K [0x00000000c0000000, 0x00000000c4300000, 0x00000000eab00000)
  object space 68608K, 7% used [0x00000000c0000000,0x00000000c0502b60,0x00000000c4300000)
 Metaspace       used 12134K, committed 12608K, reserved 1114112K
  class space    used 1250K, committed 1472K, reserved 1048576K
}
Event: 1.274 GC heap after
{Heap after GC invocations=4 (full 0):
 PSYoungGen      total 29696K, used 4092K [0x00000000eab00000, 0x00000000ecc00000, 0x0000000100000000)
  eden space 25600K, 0% used [0x00000000eab00000,0x00000000eab00000,0x00000000ec400000)
  from space 4096K, 99% used [0x00000000ec800000,0x00000000ecbff178,0x00000000ecc00000)
  to   space 4096K, 0% used [0x00000000ec400000,0x00000000ec400000,0x00000000ec800000)
 ParOldGen       total 68608K, used 6829K [0x00000000c0000000, 0x00000000c4300000, 0x00000000eab00000)
  object space 68608K, 9% used [0x00000000c0000000,0x00000000c06ab728,0x00000000c4300000)
 Metaspace       used 12134K, committed 12608K, reserved 1114112K
  class space    used 1250K, committed 1472K, reserved 1048576K
}
Event: 1.561 GC heap before
{Heap before GC invocations=5 (full 0):
 PSYoungGen      total 29696K, used 29692K [0x00000000eab00000, 0x00000000ecc00000, 0x0000000100000000)
  eden space 25600K, 100% used [0x00000000eab00000,0x00000000ec400000,0x00000000ec400000)
  from space 4096K, 99% used [0x00000000ec800000,0x00000000ecbff178,0x00000000ecc00000)
  to   space 4096K, 0% used [0x00000000ec400000,0x00000000ec400000,0x00000000ec800000)
 ParOldGen       total 68608K, used 6829K [0x00000000c0000000, 0x00000000c4300000, 0x00000000eab00000)
  object space 68608K, 9% used [0x00000000c0000000,0x00000000c06ab728,0x00000000c4300000)
 Metaspace       used 15474K, committed 16128K, reserved 1114112K
  class space    used 1555K, committed 1856K, reserved 1048576K
}
Event: 1.565 GC heap after
{Heap after GC invocations=5 (full 0):
 PSYoungGen      total 29184K, used 4082K [0x00000000eab00000, 0x00000000ecf80000, 0x0000000100000000)
  eden space 25088K, 0% used [0x00000000eab00000,0x00000000eab00000,0x00000000ec380000)
  from space 4096K, 99% used [0x00000000ec400000,0x00000000ec7fc968,0x00000000ec800000)
  to   space 6144K, 0% used [0x00000000ec980000,0x00000000ec980000,0x00000000ecf80000)
 ParOldGen       total 68608K, used 8443K [0x00000000c0000000, 0x00000000c4300000, 0x00000000eab00000)
  object space 68608K, 12% used [0x00000000c0000000,0x00000000c083eda8,0x00000000c4300000)
 Metaspace       used 15474K, committed 16128K, reserved 1114112K
  class space    used 1555K, committed 1856K, reserved 1048576K
}
Event: 1.911 GC heap before
{Heap before GC invocations=6 (full 0):
 PSYoungGen      total 29184K, used 29170K [0x00000000eab00000, 0x00000000ecf80000, 0x0000000100000000)
  eden space 25088K, 100% used [0x00000000eab00000,0x00000000ec380000,0x00000000ec380000)
  from space 4096K, 99% used [0x00000000ec400000,0x00000000ec7fc968,0x00000000ec800000)
  to   space 6144K, 0% used [0x00000000ec980000,0x00000000ec980000,0x00000000ecf80000)
 ParOldGen       total 68608K, used 8443K [0x00000000c0000000, 0x00000000c4300000, 0x00000000eab00000)
  object space 68608K, 12% used [0x00000000c0000000,0x00000000c083eda8,0x00000000c4300000)
 Metaspace       used 17982K, committed 18752K, reserved 1114112K
  class space    used 1815K, committed 2112K, reserved 1048576K
}
Event: 1.915 GC heap after
{Heap after GC invocations=6 (full 0):
 PSYoungGen      total 29696K, used 6128K [0x00000000eab00000, 0x00000000ed200000, 0x0000000100000000)
  eden space 23552K, 0% used [0x00000000eab00000,0x00000000eab00000,0x00000000ec200000)
  from space 6144K, 99% used [0x00000000ec980000,0x00000000ecf7c120,0x00000000ecf80000)
  to   space 7680K, 0% used [0x00000000ec200000,0x00000000ec200000,0x00000000ec980000)
 ParOldGen       total 68608K, used 9691K [0x00000000c0000000, 0x00000000c4300000, 0x00000000eab00000)
  object space 68608K, 14% used [0x00000000c0000000,0x00000000c0976da8,0x00000000c4300000)
 Metaspace       used 17982K, committed 18752K, reserved 1114112K
  class space    used 1815K, committed 2112K, reserved 1048576K
}
Event: 2.090 GC heap before
{Heap before GC invocations=7 (full 0):
 PSYoungGen      total 29696K, used 29680K [0x00000000eab00000, 0x00000000ed200000, 0x0000000100000000)
  eden space 23552K, 100% used [0x00000000eab00000,0x00000000ec200000,0x00000000ec200000)
  from space 6144K, 99% used [0x00000000ec980000,0x00000000ecf7c120,0x00000000ecf80000)
  to   space 7680K, 0% used [0x00000000ec200000,0x00000000ec200000,0x00000000ec980000)
 ParOldGen       total 68608K, used 9691K [0x00000000c0000000, 0x00000000c4300000, 0x00000000eab00000)
  object space 68608K, 14% used [0x00000000c0000000,0x00000000c0976da8,0x00000000c4300000)
 Metaspace       used 20302K, committed 21248K, reserved 1114112K
  class space    used 2076K, committed 2496K, reserved 1048576K
}
Event: 2.093 GC heap after
{Heap after GC invocations=7 (full 0):
 PSYoungGen      total 28672K, used 5306K [0x00000000eab00000, 0x00000000ecd80000, 0x0000000100000000)
  eden space 23040K, 0% used [0x00000000eab00000,0x00000000eab00000,0x00000000ec180000)
  from space 5632K, 94% used [0x00000000ec200000,0x00000000ec72e9c0,0x00000000ec780000)
  to   space 6144K, 0% used [0x00000000ec780000,0x00000000ec780000,0x00000000ecd80000)
 ParOldGen       total 68608K, used 11090K [0x00000000c0000000, 0x00000000c4300000, 0x00000000eab00000)
  object space 68608K, 16% used [0x00000000c0000000,0x00000000c0ad4858,0x00000000c4300000)
 Metaspace       used 20302K, committed 21248K, reserved 1114112K
  class space    used 2076K, committed 2496K, reserved 1048576K
}
Event: 2.121 GC heap before
{Heap before GC invocations=8 (full 0):
 PSYoungGen      total 28672K, used 8890K [0x00000000eab00000, 0x00000000ecd80000, 0x0000000100000000)
  eden space 23040K, 15% used [0x00000000eab00000,0x00000000eae7ffb0,0x00000000ec180000)
  from space 5632K, 94% used [0x00000000ec200000,0x00000000ec72e9c0,0x00000000ec780000)
  to   space 6144K, 0% used [0x00000000ec780000,0x00000000ec780000,0x00000000ecd80000)
 ParOldGen       total 68608K, used 11090K [0x00000000c0000000, 0x00000000c4300000, 0x00000000eab00000)
  object space 68608K, 16% used [0x00000000c0000000,0x00000000c0ad4858,0x00000000c4300000)
 Metaspace       used 20643K, committed 21504K, reserved 1114112K
  class space    used 2108K, committed 2496K, reserved 1048576K
}
Event: 2.123 GC heap after
{Heap after GC invocations=8 (full 0):
 PSYoungGen      total 28672K, used 5164K [0x00000000eab00000, 0x00000000ecd00000, 0x0000000100000000)
  eden space 23040K, 0% used [0x00000000eab00000,0x00000000eab00000,0x00000000ec180000)
  from space 5632K, 91% used [0x00000000ec780000,0x00000000ecc8b2c0,0x00000000ecd00000)
  to   space 5632K, 0% used [0x00000000ec200000,0x00000000ec200000,0x00000000ec780000)
 ParOldGen       total 68608K, used 11515K [0x00000000c0000000, 0x00000000c4300000, 0x00000000eab00000)
  object space 68608K, 16% used [0x00000000c0000000,0x00000000c0b3ede0,0x00000000c4300000)
 Metaspace       used 20643K, committed 21504K, reserved 1114112K
  class space    used 2108K, committed 2496K, reserved 1048576K
}
Event: 2.123 GC heap before
{Heap before GC invocations=9 (full 1):
 PSYoungGen      total 28672K, used 5164K [0x00000000eab00000, 0x00000000ecd00000, 0x0000000100000000)
  eden space 23040K, 0% used [0x00000000eab00000,0x00000000eab00000,0x00000000ec180000)
  from space 5632K, 91% used [0x00000000ec780000,0x00000000ecc8b2c0,0x00000000ecd00000)
  to   space 5632K, 0% used [0x00000000ec200000,0x00000000ec200000,0x00000000ec780000)
 ParOldGen       total 68608K, used 11515K [0x00000000c0000000, 0x00000000c4300000, 0x00000000eab00000)
  object space 68608K, 16% used [0x00000000c0000000,0x00000000c0b3ede0,0x00000000c4300000)
 Metaspace       used 20643K, committed 21504K, reserved 1114112K
  class space    used 2108K, committed 2496K, reserved 1048576K
}
Event: 2.151 GC heap after
{Heap after GC invocations=9 (full 1):
 PSYoungGen      total 28672K, used 0K [0x00000000eab00000, 0x00000000ecd00000, 0x0000000100000000)
  eden space 23040K, 0% used [0x00000000eab00000,0x00000000eab00000,0x00000000ec180000)
  from space 5632K, 0% used [0x00000000ec780000,0x00000000ec780000,0x00000000ecd00000)
  to   space 5632K, 0% used [0x00000000ec200000,0x00000000ec200000,0x00000000ec780000)
 ParOldGen       total 68608K, used 15378K [0x00000000c0000000, 0x00000000c4300000, 0x00000000eab00000)
  object space 68608K, 22% used [0x00000000c0000000,0x00000000c0f04bd8,0x00000000c4300000)
 Metaspace       used 20631K, committed 21504K, reserved 1114112K
  class space    used 2104K, committed 2496K, reserved 1048576K
}
Event: 2.273 GC heap before
{Heap before GC invocations=10 (full 1):
 PSYoungGen      total 28672K, used 23040K [0x00000000eab00000, 0x00000000ecd00000, 0x0000000100000000)
  eden space 23040K, 100% used [0x00000000eab00000,0x00000000ec180000,0x00000000ec180000)
  from space 5632K, 0% used [0x00000000ec780000,0x00000000ec780000,0x00000000ecd00000)
  to   space 5632K, 0% used [0x00000000ec200000,0x00000000ec200000,0x00000000ec780000)
 ParOldGen       total 68608K, used 15378K [0x00000000c0000000, 0x00000000c4300000, 0x00000000eab00000)
  object space 68608K, 22% used [0x00000000c0000000,0x00000000c0f04bd8,0x00000000c4300000)
 Metaspace       used 22868K, committed 23744K, reserved 1114112K
  class space    used 2255K, committed 2624K, reserved 1048576K
}
Event: 2.274 GC heap after
{Heap after GC invocations=10 (full 1):
 PSYoungGen      total 23552K, used 633K [0x00000000eab00000, 0x00000000ec800000, 0x0000000100000000)
  eden space 22528K, 0% used [0x00000000eab00000,0x00000000eab00000,0x00000000ec100000)
  from space 1024K, 61% used [0x00000000ec200000,0x00000000ec29e480,0x00000000ec300000)
  to   space 2560K, 0% used [0x00000000ec580000,0x00000000ec580000,0x00000000ec800000)
 ParOldGen       total 68608K, used 15378K [0x00000000c0000000, 0x00000000c4300000, 0x00000000eab00000)
  object space 68608K, 22% used [0x00000000c0000000,0x00000000c0f04bd8,0x00000000c4300000)
 Metaspace       used 22868K, committed 23744K, reserved 1114112K
  class space    used 2255K, committed 2624K, reserved 1048576K
}
Event: 2.380 GC heap before
{Heap before GC invocations=11 (full 1):
 PSYoungGen      total 23552K, used 22970K [0x00000000eab00000, 0x00000000ec800000, 0x0000000100000000)
  eden space 22528K, 99% used [0x00000000eab00000,0x00000000ec0d0538,0x00000000ec100000)
  from space 1024K, 61% used [0x00000000ec200000,0x00000000ec29e480,0x00000000ec300000)
  to   space 2560K, 0% used [0x00000000ec580000,0x00000000ec580000,0x00000000ec800000)
 ParOldGen       total 68608K, used 15378K [0x00000000c0000000, 0x00000000c4300000, 0x00000000eab00000)
  object space 68608K, 22% used [0x00000000c0000000,0x00000000c0f04bd8,0x00000000c4300000)
 Metaspace       used 26081K, committed 26944K, reserved 1114112K
  class space    used 2504K, committed 2880K, reserved 1048576K
}
Event: 2.381 GC heap after
{Heap after GC invocations=11 (full 1):
 PSYoungGen      total 24064K, used 1627K [0x00000000eab00000, 0x00000000ec780000, 0x0000000100000000)
  eden space 22016K, 0% used [0x00000000eab00000,0x00000000eab00000,0x00000000ec080000)
  from space 2048K, 79% used [0x00000000ec580000,0x00000000ec716fc8,0x00000000ec780000)
  to   space 2048K, 0% used [0x00000000ec380000,0x00000000ec380000,0x00000000ec580000)
 ParOldGen       total 68608K, used 15378K [0x00000000c0000000, 0x00000000c4300000, 0x00000000eab00000)
  object space 68608K, 22% used [0x00000000c0000000,0x00000000c0f04bd8,0x00000000c4300000)
 Metaspace       used 26081K, committed 26944K, reserved 1114112K
  class space    used 2504K, committed 2880K, reserved 1048576K
}
Event: 2.510 GC heap before
{Heap before GC invocations=12 (full 1):
 PSYoungGen      total 24064K, used 23643K [0x00000000eab00000, 0x00000000ec780000, 0x0000000100000000)
  eden space 22016K, 100% used [0x00000000eab00000,0x00000000ec080000,0x00000000ec080000)
  from space 2048K, 79% used [0x00000000ec580000,0x00000000ec716fc8,0x00000000ec780000)
  to   space 2048K, 0% used [0x00000000ec380000,0x00000000ec380000,0x00000000ec580000)
 ParOldGen       total 68608K, used 15378K [0x00000000c0000000, 0x00000000c4300000, 0x00000000eab00000)
  object space 68608K, 22% used [0x00000000c0000000,0x00000000c0f04bd8,0x00000000c4300000)
 Metaspace       used 27575K, committed 28480K, reserved 1114112K
  class space    used 2607K, committed 2944K, reserved 1048576K
}
Event: 2.512 GC heap after
{Heap after GC invocations=12 (full 1):
 PSYoungGen      total 24064K, used 1736K [0x00000000eab00000, 0x00000000ec600000, 0x0000000100000000)
  eden space 22016K, 0% used [0x00000000eab00000,0x00000000eab00000,0x00000000ec080000)
  from space 2048K, 84% used [0x00000000ec380000,0x00000000ec5322b0,0x00000000ec580000)
  to   space 512K, 0% used [0x00000000ec580000,0x00000000ec580000,0x00000000ec600000)
 ParOldGen       total 68608K, used 16857K [0x00000000c0000000, 0x00000000c4300000, 0x00000000eab00000)
  object space 68608K, 24% used [0x00000000c0000000,0x00000000c1076688,0x00000000c4300000)
 Metaspace       used 27575K, committed 28480K, reserved 1114112K
  class space    used 2607K, committed 2944K, reserved 1048576K
}

Dll operation events (10 events):
Event: 0.005 Loaded shared library c:\Users\Admin\.windsurf\extensions\redhat.java-1.42.0-win32-x64\jre\21.0.7-win32-x86_64\bin\java.dll
Event: 0.048 Loaded shared library c:\Users\Admin\.windsurf\extensions\redhat.java-1.42.0-win32-x64\jre\21.0.7-win32-x86_64\bin\zip.dll
Event: 0.061 Loaded shared library C:\Users\Admin\.windsurf\extensions\redhat.java-1.42.0-win32-x64\jre\21.0.7-win32-x86_64\bin\instrument.dll
Event: 0.065 Loaded shared library C:\Users\Admin\.windsurf\extensions\redhat.java-1.42.0-win32-x64\jre\21.0.7-win32-x86_64\bin\net.dll
Event: 0.066 Loaded shared library C:\Users\Admin\.windsurf\extensions\redhat.java-1.42.0-win32-x64\jre\21.0.7-win32-x86_64\bin\nio.dll
Event: 0.068 Loaded shared library C:\Users\Admin\.windsurf\extensions\redhat.java-1.42.0-win32-x64\jre\21.0.7-win32-x86_64\bin\zip.dll
Event: 0.079 Loaded shared library C:\Users\Admin\.windsurf\extensions\redhat.java-1.42.0-win32-x64\jre\21.0.7-win32-x86_64\bin\jimage.dll
Event: 0.126 Loaded shared library c:\Users\Admin\.windsurf\extensions\redhat.java-1.42.0-win32-x64\jre\21.0.7-win32-x86_64\bin\verify.dll
Event: 0.822 Loaded shared library C:\Users\Admin\AppData\Roaming\Windsurf\User\globalStorage\redhat.java\1.42.0\config_win\org.eclipse.equinox.launcher\org.eclipse.equinox.launcher.win32.win32.x86_64_1.2.1300.v20250331-1702\eclipse_11911.dll
Event: 1.697 Loaded shared library C:\Users\Admin\AppData\Local\Temp\jna-63116079\jna4018369192622984178.dll

Deoptimization events (20 events):
Event: 2.523 Thread 0x0000020c5dc18910 Uncommon trap: trap_request=0xffffffc6 fr.pc=0x0000020c0c0b2774 relative=0x0000000000000a94
Event: 2.523 Thread 0x0000020c5dc18910 Uncommon trap: reason=bimorphic_or_optimized_type_check action=maybe_recompile pc=0x0000020c0c0b2774 method=java.util.HashMap.putVal(ILjava/lang/Object;Ljava/lang/Object;ZZ)Ljava/lang/Object; @ 56 c2
Event: 2.523 Thread 0x0000020c5dc18910 DEOPT PACKING pc=0x0000020c0c0b2774 sp=0x000000fc85ffddd0
Event: 2.523 Thread 0x0000020c5dc18910 DEOPT UNPACKING pc=0x0000020c0bac3aa2 sp=0x000000fc85ffdcd0 mode 2
Event: 2.523 Thread 0x0000020c5dc18910 Uncommon trap: trap_request=0xffffffc6 fr.pc=0x0000020c0c0b2774 relative=0x0000000000000a94
Event: 2.523 Thread 0x0000020c5dc18910 Uncommon trap: reason=bimorphic_or_optimized_type_check action=maybe_recompile pc=0x0000020c0c0b2774 method=java.util.HashMap.putVal(ILjava/lang/Object;Ljava/lang/Object;ZZ)Ljava/lang/Object; @ 56 c2
Event: 2.523 Thread 0x0000020c5dc18910 DEOPT PACKING pc=0x0000020c0c0b2774 sp=0x000000fc85ffddd0
Event: 2.523 Thread 0x0000020c5dc18910 DEOPT UNPACKING pc=0x0000020c0bac3aa2 sp=0x000000fc85ffdcd0 mode 2
Event: 2.523 Thread 0x0000020c5dc18910 Uncommon trap: trap_request=0xffffffc6 fr.pc=0x0000020c0c0b94e0 relative=0x0000000000000a00
Event: 2.523 Thread 0x0000020c5dc18910 Uncommon trap: reason=bimorphic_or_optimized_type_check action=maybe_recompile pc=0x0000020c0c0b94e0 method=java.util.HashMap.putVal(ILjava/lang/Object;Ljava/lang/Object;ZZ)Ljava/lang/Object; @ 56 c2
Event: 2.523 Thread 0x0000020c5dc18910 DEOPT PACKING pc=0x0000020c0c0b94e0 sp=0x000000fc85ffdd40
Event: 2.523 Thread 0x0000020c5dc18910 DEOPT UNPACKING pc=0x0000020c0bac3aa2 sp=0x000000fc85ffdcd8 mode 2
Event: 2.576 Thread 0x0000020c5dc18910 Uncommon trap: trap_request=0xffffff45 fr.pc=0x0000020c0c14c928 relative=0x00000000000002c8
Event: 2.576 Thread 0x0000020c5dc18910 Uncommon trap: reason=unstable_if action=reinterpret pc=0x0000020c0c14c928 method=java.util.Properties.getProperty(Ljava/lang/String;)Ljava/lang/String; @ 36 c2
Event: 2.576 Thread 0x0000020c5dc18910 DEOPT PACKING pc=0x0000020c0c14c928 sp=0x000000fc85ffe660
Event: 2.576 Thread 0x0000020c5dc18910 DEOPT UNPACKING pc=0x0000020c0bac3aa2 sp=0x000000fc85ffe608 mode 2
Event: 2.617 Thread 0x0000020c5dc18910 Uncommon trap: trap_request=0xffffff45 fr.pc=0x0000020c0c185b24 relative=0x00000000000003c4
Event: 2.617 Thread 0x0000020c5dc18910 Uncommon trap: reason=unstable_if action=reinterpret pc=0x0000020c0c185b24 method=com.sun.org.apache.xerces.internal.impl.XMLEntityScanner.scanContent(Lcom/sun/org/apache/xerces/internal/xni/XMLString;)I @ 275 c2
Event: 2.617 Thread 0x0000020c5dc18910 DEOPT PACKING pc=0x0000020c0c185b24 sp=0x000000fc85ffe3f0
Event: 2.617 Thread 0x0000020c5dc18910 DEOPT UNPACKING pc=0x0000020c0bac3aa2 sp=0x000000fc85ffe398 mode 2

Classes loaded (20 events):
Event: 2.607 Loading class sun/nio/cs/KOI8_R
Event: 2.607 Loading class sun/nio/cs/KOI8_R done
Event: 2.612 Loading class com/sun/org/apache/xml/internal/serializer/NamespaceMappings
Event: 2.612 Loading class com/sun/org/apache/xml/internal/serializer/NamespaceMappings done
Event: 2.612 Loading class com/sun/org/apache/xml/internal/serializer/NamespaceMappings$MappingRecord
Event: 2.612 Loading class com/sun/org/apache/xml/internal/serializer/NamespaceMappings$MappingRecord done
Event: 2.613 Loading class javax/xml/transform/stream/StreamSource
Event: 2.613 Loading class javax/xml/transform/stream/StreamSource done
Event: 2.613 Loading class javax/xml/transform/sax/SAXSource
Event: 2.613 Loading class javax/xml/transform/sax/SAXSource done
Event: 2.613 Loading class javax/xml/transform/stax/StAXSource
Event: 2.613 Loading class javax/xml/transform/stax/StAXSource done
Event: 2.613 Loading class com/sun/org/apache/xalan/internal/xsltc/trax/DOM2TO
Event: 2.613 Loading class com/sun/org/apache/xalan/internal/xsltc/trax/DOM2TO done
Event: 2.615 Loading class com/sun/org/apache/xml/internal/serializer/WriterToUTF8Buffered
Event: 2.615 Loading class com/sun/org/apache/xml/internal/serializer/WriterChain
Event: 2.615 Loading class com/sun/org/apache/xml/internal/serializer/WriterChain done
Event: 2.615 Loading class com/sun/org/apache/xml/internal/serializer/WriterToUTF8Buffered done
Event: 2.615 Loading class com/sun/org/apache/xml/internal/serializer/WriterToASCI
Event: 2.615 Loading class com/sun/org/apache/xml/internal/serializer/WriterToASCI done

Classes unloaded (7 events):
Event: 2.128 Thread 0x0000020c7f6067f0 Unloading class 0x0000020c171a5400 'java/lang/invoke/LambdaForm$MH+0x0000020c171a5400'
Event: 2.128 Thread 0x0000020c7f6067f0 Unloading class 0x0000020c171a5000 'java/lang/invoke/LambdaForm$MH+0x0000020c171a5000'
Event: 2.128 Thread 0x0000020c7f6067f0 Unloading class 0x0000020c171a4c00 'java/lang/invoke/LambdaForm$MH+0x0000020c171a4c00'
Event: 2.128 Thread 0x0000020c7f6067f0 Unloading class 0x0000020c171a4800 'java/lang/invoke/LambdaForm$MH+0x0000020c171a4800'
Event: 2.128 Thread 0x0000020c7f6067f0 Unloading class 0x0000020c171a4400 'java/lang/invoke/LambdaForm$BMH+0x0000020c171a4400'
Event: 2.128 Thread 0x0000020c7f6067f0 Unloading class 0x0000020c171a4000 'java/lang/invoke/LambdaForm$DMH+0x0000020c171a4000'
Event: 2.128 Thread 0x0000020c7f6067f0 Unloading class 0x0000020c171a2c00 'java/lang/invoke/LambdaForm$DMH+0x0000020c171a2c00'

Classes redefined (0 events):
No events

Internal exceptions (20 events):
Event: 1.847 Thread 0x0000020c5dc18910 Exception <a 'java/lang/NoSuchMethodError'{0x00000000ebd28870}: 'java.lang.Object java.lang.invoke.Invokers$Holder.linkToTargetMethod(java.lang.Object, java.lang.Object, int, java.lang.Object, java.lang.Object)'> (0x00000000ebd28870) 
thrown [s\src\hotspot\share\interpreter\linkResolver.cpp, line 773]
Event: 1.848 Thread 0x0000020c5dbdb750 Exception <a 'java/lang/NoSuchMethodError'{0x00000000ebb696d8}: 'java.lang.Object java.lang.invoke.DirectMethodHandle$Holder.invokeSpecial(java.lang.Object, java.lang.Object, int, java.lang.Object, java.lang.Object)'> (0x00000000ebb696d8) 
thrown [s\src\hotspot\share\interpreter\linkResolver.cpp, line 773]
Event: 1.856 Thread 0x0000020c5dc18910 Exception <a 'java/lang/NoSuchMethodError'{0x00000000ebe2a348}: 'void java.lang.invoke.DirectMethodHandle$Holder.invokeSpecial(java.lang.Object, java.lang.Object, java.lang.Object, java.lang.Object, java.lang.Object)'> (0x00000000ebe2a348) 
thrown [s\src\hotspot\share\interpreter\linkResolver.cpp, line 773]
Event: 1.938 Thread 0x0000020c5dc18910 Exception <a 'java/lang/NoSuchMethodError'{0x00000000ead5d090}: 'java.lang.Object java.lang.invoke.DirectMethodHandle$Holder.invokeInterface(java.lang.Object, java.lang.Object, java.lang.Object)'> (0x00000000ead5d090) 
thrown [s\src\hotspot\share\interpreter\linkResolver.cpp, line 773]
Event: 1.977 Thread 0x0000020c5dc18910 Exception <a 'java/lang/NoSuchMethodError'{0x00000000eb1de128}: 'java.lang.Object java.lang.invoke.Invokers$Holder.linkToTargetMethod(java.lang.Object, long, java.lang.Object, java.lang.Object)'> (0x00000000eb1de128) 
thrown [s\src\hotspot\share\interpreter\linkResolver.cpp, line 773]
Event: 2.022 Thread 0x0000020c5dc18910 Exception <a 'java/io/FileNotFoundException'{0x00000000eb93e8e8}> (0x00000000eb93e8e8) 
thrown [s\src\hotspot\share\prims\jni.cpp, line 520]
Event: 2.023 Thread 0x0000020c5dc18910 Exception <a 'java/lang/NoSuchMethodError'{0x00000000eb946eb0}: 'java.lang.Object java.lang.invoke.DirectMethodHandle$Holder.newInvokeSpecial(java.lang.Object, int, java.lang.Object, java.lang.Object)'> (0x00000000eb946eb0) 
thrown [s\src\hotspot\share\interpreter\linkResolver.cpp, line 773]
Event: 2.085 Thread 0x0000020c5dc18910 Exception <a 'java/lang/NoSuchMethodError'{0x00000000ec17a1c8}: 'long java.lang.invoke.DirectMethodHandle$Holder.invokeSpecial(java.lang.Object, java.lang.Object)'> (0x00000000ec17a1c8) 
thrown [s\src\hotspot\share\interpreter\linkResolver.cpp, line 773]
Event: 2.085 Thread 0x0000020c5dc18910 Exception <a 'java/lang/NoSuchMethodError'{0x00000000ec17e360}: 'long java.lang.invoke.Invokers$Holder.invokeExact_MT(java.lang.Object, java.lang.Object)'> (0x00000000ec17e360) 
thrown [s\src\hotspot\share\interpreter\linkResolver.cpp, line 773]
Event: 2.173 Thread 0x0000020c5dc18910 Exception <a 'java/lang/NoSuchMethodError'{0x00000000ead37f80}: 'double java.lang.invoke.DirectMethodHandle$Holder.invokeStatic(java.lang.Object, java.lang.Object)'> (0x00000000ead37f80) 
thrown [s\src\hotspot\share\interpreter\linkResolver.cpp, line 773]
Event: 2.173 Thread 0x0000020c5dc18910 Exception <a 'java/lang/NoSuchMethodError'{0x00000000ead3b610}: 'double java.lang.invoke.DirectMethodHandle$Holder.invokeStaticInit(java.lang.Object, java.lang.Object)'> (0x00000000ead3b610) 
thrown [s\src\hotspot\share\interpreter\linkResolver.cpp, line 773]
Event: 2.244 Thread 0x0000020c5dc18910 Exception <a 'java/io/FileNotFoundException'{0x00000000ebdec238}> (0x00000000ebdec238) 
thrown [s\src\hotspot\share\prims\jni.cpp, line 520]
Event: 2.244 Thread 0x0000020c5dc18910 Exception <a 'java/io/FileNotFoundException'{0x00000000ebded088}> (0x00000000ebded088) 
thrown [s\src\hotspot\share\prims\jni.cpp, line 520]
Event: 2.244 Thread 0x0000020c5dc18910 Exception <a 'java/io/FileNotFoundException'{0x00000000ebdedfe0}> (0x00000000ebdedfe0) 
thrown [s\src\hotspot\share\prims\jni.cpp, line 520]
Event: 2.337 Thread 0x0000020c5dc18910 Implicit null exception at 0x0000020c0c1f4675 to 0x0000020c0c1f4750
Event: 2.409 Thread 0x0000020c5dc18910 Exception <a 'java/io/FileNotFoundException'{0x00000000eb5f5c30}> (0x00000000eb5f5c30) 
thrown [s\src\hotspot\share\prims\jni.cpp, line 520]
Event: 2.494 Thread 0x0000020c5dc18910 Exception <a 'java/lang/ClassNotFoundException'{0x00000000ebe5e170}: com/sun/org/apache/xerces/internal/impl/msg/spi/DOMMessagesProvider> (0x00000000ebe5e170) 
thrown [s\src\hotspot\share\classfile\systemDictionary.cpp, line 312]
Event: 2.495 Thread 0x0000020c5dc18910 Exception <a 'java/lang/ClassNotFoundException'{0x00000000ebe6f888}: com/sun/org/apache/xerces/internal/impl/msg/spi/XMLSerializerMessagesProvider> (0x00000000ebe6f888) 
thrown [s\src\hotspot\share\classfile\systemDictionary.cpp, line 312]
Event: 2.495 Thread 0x0000020c5dc18910 Exception <a 'java/lang/ClassNotFoundException'{0x00000000ebe7cb58}: com/sun/org/apache/xerces/internal/impl/msg/spi/XMLMessagesProvider> (0x00000000ebe7cb58) 
thrown [s\src\hotspot\share\classfile\systemDictionary.cpp, line 312]
Event: 2.581 Thread 0x0000020c5dc18910 Exception <a 'java/lang/ClassNotFoundException'{0x00000000eb03a958}: com/sun/org/apache/xml/internal/serializer/spi/XMLEntitiesProvider> (0x00000000eb03a958) 
thrown [s\src\hotspot\share\classfile\systemDictionary.cpp, line 312]

ZGC Phase Switch (0 events):
No events

VM Operations (20 events):
Event: 2.089 Executing VM operation: ParallelGCFailedAllocation (Allocation Failure)
Event: 2.093 Executing VM operation: ParallelGCFailedAllocation (Allocation Failure) done
Event: 2.121 Executing VM operation: CollectForMetadataAllocation (Metadata GC Threshold)
Event: 2.151 Executing VM operation: CollectForMetadataAllocation (Metadata GC Threshold) done
Event: 2.273 Executing VM operation: ParallelGCFailedAllocation (Allocation Failure)
Event: 2.274 Executing VM operation: ParallelGCFailedAllocation (Allocation Failure) done
Event: 2.380 Executing VM operation: ParallelGCFailedAllocation (Allocation Failure)
Event: 2.381 Executing VM operation: ParallelGCFailedAllocation (Allocation Failure) done
Event: 2.464 Executing VM operation: HandshakeAllThreads (Deoptimize)
Event: 2.464 Executing VM operation: HandshakeAllThreads (Deoptimize) done
Event: 2.510 Executing VM operation: ParallelGCFailedAllocation (Allocation Failure)
Event: 2.512 Executing VM operation: ParallelGCFailedAllocation (Allocation Failure) done
Event: 2.523 Executing VM operation: HandshakeAllThreads (Deoptimize)
Event: 2.523 Executing VM operation: HandshakeAllThreads (Deoptimize) done
Event: 2.580 Executing VM operation: HandshakeAllThreads (Deoptimize)
Event: 2.580 Executing VM operation: HandshakeAllThreads (Deoptimize) done
Event: 2.594 Executing VM operation: HandshakeAllThreads (Deoptimize)
Event: 2.594 Executing VM operation: HandshakeAllThreads (Deoptimize) done
Event: 2.597 Executing VM operation: HandshakeAllThreads (Deoptimize)
Event: 2.597 Executing VM operation: HandshakeAllThreads (Deoptimize) done

Memory protections (0 events):
No events

Nmethod flushes (0 events):
No events

Events (20 events):
Event: 0.026 Thread 0x0000020c7f5497c0 Thread added: 0x0000020c58781130
Event: 0.026 Thread 0x0000020c7f5497c0 Thread added: 0x0000020c58783330
Event: 0.026 Thread 0x0000020c7f5497c0 Thread added: 0x0000020c5878f9c0
Event: 0.027 Thread 0x0000020c7f5497c0 Thread added: 0x0000020c5879b6b0
Event: 0.041 Thread 0x0000020c7f5497c0 Thread added: 0x0000020c5886b340
Event: 0.056 Thread 0x0000020c5879b6b0 Thread added: 0x0000020c5879a910
Event: 0.194 Thread 0x0000020c7f5497c0 Thread added: 0x0000020c58ae9630
Event: 0.274 Thread 0x0000020c5879b6b0 Thread added: 0x0000020c5879afe0
Event: 0.696 Thread 0x0000020c7f5497c0 Thread added: 0x0000020c5d866950
Event: 0.815 Thread 0x0000020c7f5497c0 Thread added: 0x0000020c5d5ec870
Event: 0.836 Thread 0x0000020c5d5ec870 Thread added: 0x0000020c5da260a0
Event: 0.838 Thread 0x0000020c7f5497c0 Thread added: 0x0000020c5dc18910
Event: 1.019 Thread 0x0000020c5dc18910 Thread added: 0x0000020c5da17b40
Event: 1.110 Thread 0x0000020c5dc18910 Thread added: 0x0000020c5e078d30
Event: 1.178 Thread 0x0000020c5dc18910 Thread added: 0x0000020c5dbdd820
Event: 1.448 Thread 0x0000020c5dc18910 Thread added: 0x0000020c5dbddeb0
Event: 1.710 Thread 0x0000020c5dc18910 Thread added: 0x0000020c5dbdcb00
Event: 1.750 Thread 0x0000020c5dc18910 Thread added: 0x0000020c5dbdb750
Event: 1.848 Thread 0x0000020c5dc18910 Thread added: 0x0000020c5dbdd190
Event: 2.502 Thread 0x0000020c5dc18910 Thread added: 0x0000020c5dbdb0c0


Dynamic libraries:
0x00007ff7bc5d0000 - 0x00007ff7bc5de000 	c:\Users\Admin\.windsurf\extensions\redhat.java-1.42.0-win32-x64\jre\21.0.7-win32-x86_64\bin\java.exe
0x00007fff9cb30000 - 0x00007fff9cd28000 	C:\Windows\SYSTEM32\ntdll.dll
0x00007fff9c840000 - 0x00007fff9c902000 	C:\Windows\System32\KERNEL32.DLL
0x00007fff9a7c0000 - 0x00007fff9aab6000 	C:\Windows\System32\KERNELBASE.dll
0x00007fff9a690000 - 0x00007fff9a790000 	C:\Windows\System32\ucrtbase.dll
0x00007fff95d50000 - 0x00007fff95d68000 	c:\Users\Admin\.windsurf\extensions\redhat.java-1.42.0-win32-x64\jre\21.0.7-win32-x86_64\bin\jli.dll
0x00007fff96910000 - 0x00007fff9692e000 	c:\Users\Admin\.windsurf\extensions\redhat.java-1.42.0-win32-x64\jre\21.0.7-win32-x86_64\bin\VCRUNTIME140.dll
0x00007fff9ad40000 - 0x00007fff9aedd000 	C:\Windows\System32\USER32.dll
0x00007fff9a1c0000 - 0x00007fff9a1e2000 	C:\Windows\System32\win32u.dll
0x00007fff9c290000 - 0x00007fff9c2bb000 	C:\Windows\System32\GDI32.dll
0x00007fff85d50000 - 0x00007fff85fea000 	C:\Windows\WinSxS\amd64_microsoft.windows.common-controls_6595b64144ccf1df_6.0.19041.5915_none_60b4b9d171f9c7c7\COMCTL32.dll
0x00007fff9a4c0000 - 0x00007fff9a5d9000 	C:\Windows\System32\gdi32full.dll
0x00007fff9ca30000 - 0x00007fff9cace000 	C:\Windows\System32\msvcrt.dll
0x00007fff9a3a0000 - 0x00007fff9a43d000 	C:\Windows\System32\msvcp_win.dll
0x00007fff9c2c0000 - 0x00007fff9c2ef000 	C:\Windows\System32\IMM32.DLL
0x00007fff953b0000 - 0x00007fff953bc000 	c:\Users\Admin\.windsurf\extensions\redhat.java-1.42.0-win32-x64\jre\21.0.7-win32-x86_64\bin\vcruntime140_1.dll
0x00007fff8ea40000 - 0x00007fff8eacd000 	c:\Users\Admin\.windsurf\extensions\redhat.java-1.42.0-win32-x64\jre\21.0.7-win32-x86_64\bin\msvcp140.dll
0x00007fff4dd20000 - 0x00007fff4eab0000 	c:\Users\Admin\.windsurf\extensions\redhat.java-1.42.0-win32-x64\jre\21.0.7-win32-x86_64\bin\server\jvm.dll
0x00007fff9bac0000 - 0x00007fff9bb71000 	C:\Windows\System32\ADVAPI32.dll
0x00007fff9c0e0000 - 0x00007fff9c17f000 	C:\Windows\System32\sechost.dll
0x00007fff9b160000 - 0x00007fff9b283000 	C:\Windows\System32\RPCRT4.dll
0x00007fff9a790000 - 0x00007fff9a7b7000 	C:\Windows\System32\bcrypt.dll
0x00007fff9c190000 - 0x00007fff9c1fb000 	C:\Windows\System32\WS2_32.dll
0x00007fff99750000 - 0x00007fff9979b000 	C:\Windows\SYSTEM32\POWRPROF.dll
0x00007fff8ee30000 - 0x00007fff8ee57000 	C:\Windows\SYSTEM32\WINMM.dll
0x00007fff942f0000 - 0x00007fff942fa000 	C:\Windows\SYSTEM32\VERSION.dll
0x00007fff995c0000 - 0x00007fff995d2000 	C:\Windows\SYSTEM32\UMPDC.dll
0x00007fff98060000 - 0x00007fff98072000 	C:\Windows\SYSTEM32\kernel.appcore.dll
0x00007fff94db0000 - 0x00007fff94dba000 	c:\Users\Admin\.windsurf\extensions\redhat.java-1.42.0-win32-x64\jre\21.0.7-win32-x86_64\bin\jimage.dll
0x00007fff8c4e0000 - 0x00007fff8c6e1000 	C:\Windows\SYSTEM32\DBGHELP.DLL
0x00007fff81190000 - 0x00007fff811c4000 	C:\Windows\SYSTEM32\dbgcore.DLL
0x00007fff9aac0000 - 0x00007fff9ab42000 	C:\Windows\System32\bcryptPrimitives.dll
0x00007fff916f0000 - 0x00007fff916ff000 	c:\Users\Admin\.windsurf\extensions\redhat.java-1.42.0-win32-x64\jre\21.0.7-win32-x86_64\bin\instrument.dll
0x00007fff93080000 - 0x00007fff9309f000 	c:\Users\Admin\.windsurf\extensions\redhat.java-1.42.0-win32-x64\jre\21.0.7-win32-x86_64\bin\java.dll
0x00007fff9b290000 - 0x00007fff9b9fe000 	C:\Windows\System32\SHELL32.dll
0x00007fff98260000 - 0x00007fff98a04000 	C:\Windows\SYSTEM32\windows.storage.dll
0x00007fff9c4e0000 - 0x00007fff9c833000 	C:\Windows\System32\combase.dll
0x00007fff99bf0000 - 0x00007fff99c1b000 	C:\Windows\SYSTEM32\Wldp.dll
0x00007fff9b090000 - 0x00007fff9b15d000 	C:\Windows\System32\OLEAUT32.dll
0x00007fff9abb0000 - 0x00007fff9ac5d000 	C:\Windows\System32\SHCORE.dll
0x00007fff9ab50000 - 0x00007fff9abab000 	C:\Windows\System32\shlwapi.dll
0x00007fff9a0f0000 - 0x00007fff9a115000 	C:\Windows\SYSTEM32\profapi.dll
0x00007fff927b0000 - 0x00007fff927c8000 	c:\Users\Admin\.windsurf\extensions\redhat.java-1.42.0-win32-x64\jre\21.0.7-win32-x86_64\bin\zip.dll
0x00007fff93980000 - 0x00007fff93990000 	C:\Users\Admin\.windsurf\extensions\redhat.java-1.42.0-win32-x64\jre\21.0.7-win32-x86_64\bin\net.dll
0x00007fff94950000 - 0x00007fff94a5a000 	C:\Windows\SYSTEM32\WINHTTP.dll
0x00007fff99950000 - 0x00007fff999ba000 	C:\Windows\system32\mswsock.dll
0x00007fff926d0000 - 0x00007fff926e6000 	C:\Users\Admin\.windsurf\extensions\redhat.java-1.42.0-win32-x64\jre\21.0.7-win32-x86_64\bin\nio.dll
0x00007fff86ba0000 - 0x00007fff86bb0000 	c:\Users\Admin\.windsurf\extensions\redhat.java-1.42.0-win32-x64\jre\21.0.7-win32-x86_64\bin\verify.dll
0x00007fff7a580000 - 0x00007fff7a5c5000 	C:\Users\Admin\AppData\Roaming\Windsurf\User\globalStorage\redhat.java\1.42.0\config_win\org.eclipse.equinox.launcher\org.eclipse.equinox.launcher.win32.win32.x86_64_1.2.1300.v20250331-1702\eclipse_11911.dll
0x00007fff9c300000 - 0x00007fff9c42b000 	C:\Windows\System32\ole32.dll
0x00007fff99b50000 - 0x00007fff99b68000 	C:\Windows\SYSTEM32\CRYPTSP.dll
0x00007fff99200000 - 0x00007fff99238000 	C:\Windows\system32\rsaenh.dll
0x00007fff9a070000 - 0x00007fff9a09e000 	C:\Windows\SYSTEM32\USERENV.dll
0x00007fff99b40000 - 0x00007fff99b4c000 	C:\Windows\SYSTEM32\CRYPTBASE.dll
0x00007fff995e0000 - 0x00007fff9961b000 	C:\Windows\SYSTEM32\IPHLPAPI.DLL
0x00007fff9c2f0000 - 0x00007fff9c2f8000 	C:\Windows\System32\NSI.dll
0x00007fff7a4e0000 - 0x00007fff7a529000 	C:\Users\Admin\AppData\Local\Temp\jna-63116079\jna4018369192622984178.dll
0x00007fff9c180000 - 0x00007fff9c188000 	C:\Windows\System32\PSAPI.DLL

dbghelp: loaded successfully - version: 4.0.5 - missing functions: none
symbol engine: initialized successfully - sym options: 0x614 - pdb path: .;c:\Users\Admin\.windsurf\extensions\redhat.java-1.42.0-win32-x64\jre\21.0.7-win32-x86_64\bin;C:\Windows\SYSTEM32;C:\Windows\WinSxS\amd64_microsoft.windows.common-controls_6595b64144ccf1df_6.0.19041.5915_none_60b4b9d171f9c7c7;c:\Users\Admin\.windsurf\extensions\redhat.java-1.42.0-win32-x64\jre\21.0.7-win32-x86_64\bin\server;C:\Users\Admin\AppData\Roaming\Windsurf\User\globalStorage\redhat.java\1.42.0\config_win\org.eclipse.equinox.launcher\org.eclipse.equinox.launcher.win32.win32.x86_64_1.2.1300.v20250331-1702;C:\Users\Admin\AppData\Local\Temp\jna-63116079

VM Arguments:
jvm_args: --add-modules=ALL-SYSTEM --add-opens=java.base/java.util=ALL-UNNAMED --add-opens=java.base/java.lang=ALL-UNNAMED --add-opens=java.base/sun.nio.fs=ALL-UNNAMED -Declipse.application=org.eclipse.jdt.ls.core.id1 -Dosgi.bundles.defaultStartLevel=4 -Declipse.product=org.eclipse.jdt.ls.core.product -Djava.import.generatesMetadataFilesAtProjectRoot=false -DDetectVMInstallationsJob.disabled=true -Dfile.encoding=utf8 -XX:+UseParallelGC -XX:GCTimeRatio=4 -XX:AdaptiveSizePolicyWeight=90 -Dsun.zip.disableMemoryMapping=true -Xmx1G -Xms100m -Xlog:disable -javaagent:c:\Users\Admin\.windsurf\extensions\redhat.java-1.42.0-win32-x64\lombok\lombok-1.18.36.jar -XX:+HeapDumpOnOutOfMemoryError -XX:HeapDumpPath=c:\Users\Admin\AppData\Roaming\Windsurf\User\workspaceStorage\1060308cc4c818a36d141af165348916\redhat.java -Daether.dependencyCollector.impl=bf 
java_command: c:\Users\Admin\.windsurf\extensions\redhat.java-1.42.0-win32-x64\server\plugins\org.eclipse.equinox.launcher_1.7.0.v20250424-1814.jar -configuration c:\Users\Admin\AppData\Roaming\Windsurf\User\globalStorage\redhat.java\1.42.0\config_win -data c:\Users\Admin\AppData\Roaming\Windsurf\User\workspaceStorage\1060308cc4c818a36d141af165348916\redhat.java\jdt_ws --pipe=\\.\pipe\lsp-e62767a6d2a8391013b171c7a8237f3c-sock
java_class_path (initial): c:\Users\Admin\.windsurf\extensions\redhat.java-1.42.0-win32-x64\server\plugins\org.eclipse.equinox.launcher_1.7.0.v20250424-1814.jar
Launcher Type: SUN_STANDARD

[Global flags]
    uintx AdaptiveSizePolicyWeight                 = 90                                        {product} {command line}
     intx CICompilerCount                          = 4                                         {product} {ergonomic}
    uintx GCTimeRatio                              = 4                                         {product} {command line}
     bool HeapDumpOnOutOfMemoryError               = true                                   {manageable} {command line}
    ccstr HeapDumpPath                             = c:\Users\Admin\AppData\Roaming\Windsurf\User\workspaceStorage\1060308cc4c818a36d141af165348916\redhat.java         {manageable} {command line}
   size_t InitialHeapSize                          = 104857600                                 {product} {command line}
   size_t MaxHeapSize                              = 1073741824                                {product} {command line}
   size_t MaxNewSize                               = 357564416                                 {product} {ergonomic}
   size_t MinHeapDeltaBytes                        = 524288                                    {product} {ergonomic}
   size_t MinHeapSize                              = 104857600                                 {product} {command line}
   size_t NewSize                                  = 34603008                                  {product} {ergonomic}
    uintx NonNMethodCodeHeapSize                   = 5839372                                {pd product} {ergonomic}
    uintx NonProfiledCodeHeapSize                  = 122909434                              {pd product} {ergonomic}
   size_t OldSize                                  = 70254592                                  {product} {ergonomic}
    uintx ProfiledCodeHeapSize                     = 122909434                              {pd product} {ergonomic}
    uintx ReservedCodeCacheSize                    = 251658240                              {pd product} {ergonomic}
     bool SegmentedCodeCache                       = true                                      {product} {ergonomic}
   size_t SoftMaxHeapSize                          = 1073741824                             {manageable} {ergonomic}
     bool UseCompressedOops                        = true                           {product lp64_product} {ergonomic}
     bool UseLargePagesIndividualAllocation        = false                                  {pd product} {ergonomic}
     bool UseParallelGC                            = true                                      {product} {command line}

Logging:
Log output configuration:
 #0: stdout all=off uptime,level,tags foldmultilines=false
 #1: stderr all=off uptime,level,tags foldmultilines=false

Environment Variables:
JAVA_HOME=C:\Program Files\Java\jdk-17.0.2
PATH=d:\cursor\resources\app\bin;C:\Program Files\BraveSoftware\Brave-Browser\Application;C:\Program Files\Common Files\Oracle\Java\javapath;C:\Windows\system32;C:\Windows;C:\Windows\System32\Wbem;C:\Windows\System32\WindowsPowerShell\v1.0\;C:\Windows\System32\OpenSSH\;C:\Program Files (x86)\NVIDIA Corporation\PhysX\Common;C:\Program Files\Java\jdk-17.0.2\bin;Git\cmd;C:\Program Files\NVIDIA Corporation\NVIDIA NvDLISR;C:\Program Files\Azure Data Studio\bin;C:\Program Files (x86)\Microsoft SQL Server\160\Tools\Binn\;C:\Program Files\Microsoft SQL Server\160\Tools\Binn\;C:\Program Files\Microsoft SQL Server\Client SDK\ODBC\170\Tools\Binn\;C:\Program Files\Microsoft SQL Server\160\DTS\Binn\;C:\Program Files (x86)\Microsoft SQL Server\160\DTS\Binn\;C:\xampp\php;C:\ProgramData\ComposerSetup\bin;C:\Program Files\MySQL\MySQL Shell 8.0\bin\;C:\Users\Admin\AppData\Local\Microsoft\WindowsApps;C:\Users\Admin\AppData\Local\GitHubDesktop\bin;C:\Users\Admin\AppData\Roaming\npm;C:\Users\Admin\AppData\Roaming\Composer\vendor\bin;C;D:\Git\cmd;Microsoft VS Code\bin;C:\src\flutter\bin;C:\Users\Admin\AppData\Local\Packages\PythonSoftwareFoundation.Python.3.9_qbz5n2kfra8p0\LocalCache\local-packages\Python39\Scripts;C:\Users\Admin\AppData\Local\Programs\Python\bin;C:\Program Files\JetBrains\PyCharm 2024.2\bin;C:\Users\Admin\AppData\Local\Microsoft\WinGet\Packages\Schniz.fnm_Microsoft.Winget.Source_8wekyb3d8bbwe;D:\nvm;D:\;D:\Microsoft VS Code\bin;C:\Program Files\Microsoft SQL Server\150\Tools\Binn;C:\Program Files\MySQL\MySQL Server 8.0\bin;D:\Windsurf\bin;C:\Users\Admin\AppData\Roaming\npm\bin;D:\cursor\resources\app\bin;C:\Program Files\Git\bin;C:\Program Files\Git\cmd;C:\Program Files\Git\cmd;C:\Program Files\MySQL\MySQL Shell 8.0\bin\;C:\Users\Admin\AppData\Local\Microsoft\WindowsApps;Microsoft VS Code\bin;C:\Users\Admin\AppData\Local\GitHubDesktop\bin;C:\Program Files\Azure Data Studio\bin;C:\Users\Admin\AppData\Roaming\Composer\vendor\bin;C:\src\flutter\bin;C:\Users\Admin\AppData\Local\Packages\PythonSoftwareFoundation.Python.3.9_qbz5n2kfra8p0\LocalCache\local-packages\Python39\Scripts;C:\Users\Admin\AppData\Local\Programs\Python\bin;C:\Program Files\JetBrains\PyCharm 2024.2\bin;;C:\Users\Admin\AppData\Local\Microsoft\WinGet\Packages\Schniz.fnm_Microsoft.Winget.Source_8wekyb3d8bbwe;D:\nvm;D:\;C:\Users\Admin\AppData\Roaming\npm;D:\Microsoft VS Code\bin;C:\Program Files\Microsoft SQL Server\150\Tools\Binn;C:\Program Files\MySQL\MySQL Server 8.0\bin;D:\Windsurf\bin;C:\Users\Admin\AppData\Roaming\npm\bin;D:\cursor\resources\app\bin;C:\Program Files\Git\bin;C:\Program Files\Git\cmd;D:\Admin\AndroidSDK\platform-tools;
USERNAME=Admin
OS=Windows_NT
PROCESSOR_IDENTIFIER=AMD64 Family 23 Model 113 Stepping 0, AuthenticAMD
TMP=C:\Users\Admin\AppData\Local\Temp
TEMP=C:\Users\Admin\AppData\Local\Temp




Periodic native trim disabled

---------------  S Y S T E M  ---------------

OS:
 Windows 10 , 64 bit Build 19041 (10.0.19041.5915)
OS uptime: 6 days 9:27 hours

CPU: total 12 (initial active 12) (12 cores per cpu, 2 threads per core) family 23 model 113 stepping 0 microcode 0x0, cx8, cmov, fxsr, ht, mmx, 3dnowpref, sse, sse2, sse3, ssse3, sse4a, sse4.1, sse4.2, popcnt, lzcnt, tsc, tscinvbit, avx, avx2, aes, clmul, bmi1, bmi2, adx, sha, fma, vzeroupper, clflush, clflushopt, rdtscp, rdpid, f16c
Processor Information for the first 12 processors :
  Max Mhz: 3600, Current Mhz: 3600, Mhz Limit: 3600

Memory: 4k page, system-wide physical 16310M (3305M free)
TotalPageFile size 18358M (AvailPageFile size 5M)
current process WorkingSet (physical memory assigned to process): 175M, peak: 175M
current process commit charge ("private bytes"): 275M, peak: 276M

vm_info: OpenJDK 64-Bit Server VM (21.0.7+6-LTS) for windows-amd64 JRE (21.0.7+6-LTS), built on 2025-04-15T00:00:00Z by "admin" with MS VC++ 17.7 (VS2022)

END.
